2026-01-14 00:00:04.669 [http-nio-9001-exec-10] INFO  o.s.c.c.s.e.NativeEnvironmentRepository - Adding property source: Config resource 'class path resource [configs/application.yml]' via location 'classpath:/configs/'
2026-01-14 00:00:24.322 [http-nio-9001-exec-2] INFO  o.s.c.c.s.e.NativeEnvironmentRepository - Adding property source: Config resource 'class path resource [configs/application.yml]' via location 'classpath:/configs/'
2026-01-14 00:00:44.668 [http-nio-9001-exec-9] INFO  o.s.c.c.s.e.NativeEnvironmentRepository - Adding property source: Config resource 'class path resource [configs/application.yml]' via location 'classpath:/configs/'
2026-01-14 00:01:04.656 [http-nio-9001-exec-3] INFO  o.s.c.c.s.e.NativeEnvironmentRepository - Adding property source: Config resource 'class path resource [configs/application.yml]' via location 'classpath:/configs/'
2026-01-14 00:01:24.353 [http-nio-9001-exec-6] INFO  o.s.c.c.s.e.NativeEnvironmentRepository - Adding property source: Config resource 'class path resource [configs/application.yml]' via location 'classpath:/configs/'
2026-01-14 00:01:44.415 [http-nio-9001-exec-5] INFO  o.s.c.c.s.e.NativeEnvironmentRepository - Adding property source: Config resource 'class path resource [configs/application.yml]' via location 'classpath:/configs/'
2026-01-14 00:01:46.456 [AsyncResolver-bootstrap-executor-0] INFO  c.n.d.s.r.aws.ConfigClusterResolver - Resolving eureka endpoints via configuration
2026-01-14 00:02:04.338 [http-nio-9001-exec-7] INFO  o.s.c.c.s.e.NativeEnvironmentRepository - Adding property source: Config resource 'class path resource [configs/application.yml]' via location 'classpath:/configs/'
2026-01-14 00:02:24.321 [http-nio-9001-exec-8] INFO  o.s.c.c.s.e.NativeEnvironmentRepository - Adding property source: Config resource 'class path resource [configs/application.yml]' via location 'classpath:/configs/'
2026-01-14 00:02:44.512 [http-nio-9001-exec-10] INFO  o.s.c.c.s.e.NativeEnvironmentRepository - Adding property source: Config resource 'class path resource [configs/application.yml]' via location 'classpath:/configs/'
2026-01-14 00:03:04.323 [http-nio-9001-exec-1] INFO  o.s.c.c.s.e.NativeEnvironmentRepository - Adding property source: Config resource 'class path resource [configs/application.yml]' via location 'classpath:/configs/'
2026-01-14 00:03:24.334 [http-nio-9001-exec-2] INFO  o.s.c.c.s.e.NativeEnvironmentRepository - Adding property source: Config resource 'class path resource [configs/application.yml]' via location 'classpath:/configs/'
2026-01-14 00:03:44.393 [http-nio-9001-exec-9] INFO  o.s.c.c.s.e.NativeEnvironmentRepository - Adding property source: Config resource 'class path resource [configs/application.yml]' via location 'classpath:/configs/'
2026-01-14 00:04:04.481 [http-nio-9001-exec-6] INFO  o.s.c.c.s.e.NativeEnvironmentRepository - Adding property source: Config resource 'class path resource [configs/application.yml]' via location 'classpath:/configs/'
2026-01-14 00:04:24.313 [http-nio-9001-exec-4] INFO  o.s.c.c.s.e.NativeEnvironmentRepository - Adding property source: Config resource 'class path resource [configs/application.yml]' via location 'classpath:/configs/'
2026-01-14 00:04:44.330 [http-nio-9001-exec-5] INFO  o.s.c.c.s.e.NativeEnvironmentRepository - Adding property source: Config resource 'class path resource [configs/application.yml]' via location 'classpath:/configs/'
2026-01-14 00:05:04.352 [http-nio-9001-exec-7] INFO  o.s.c.c.s.e.NativeEnvironmentRepository - Adding property source: Config resource 'class path resource [configs/application.yml]' via location 'classpath:/configs/'
2026-01-14 00:05:24.544 [http-nio-9001-exec-8] INFO  o.s.c.c.s.e.NativeEnvironmentRepository - Adding property source: Config resource 'class path resource [configs/application.yml]' via location 'classpath:/configs/'
2026-01-14 00:05:44.374 [http-nio-9001-exec-1] INFO  o.s.c.c.s.e.NativeEnvironmentRepository - Adding property source: Config resource 'class path resource [configs/application.yml]' via location 'classpath:/configs/'
2026-01-14 00:06:04.334 [http-nio-9001-exec-2] INFO  o.s.c.c.s.e.NativeEnvironmentRepository - Adding property source: Config resource 'class path resource [configs/application.yml]' via location 'classpath:/configs/'
2026-01-14 00:06:24.336 [http-nio-9001-exec-3] INFO  o.s.c.c.s.e.NativeEnvironmentRepository - Adding property source: Config resource 'class path resource [configs/application.yml]' via location 'classpath:/configs/'
2026-01-14 00:06:44.421 [http-nio-9001-exec-9] INFO  o.s.c.c.s.e.NativeEnvironmentRepository - Adding property source: Config resource 'class path resource [configs/application.yml]' via location 'classpath:/configs/'
2026-01-14 00:06:46.463 [AsyncResolver-bootstrap-executor-0] INFO  c.n.d.s.r.aws.ConfigClusterResolver - Resolving eureka endpoints via configuration
2026-01-14 00:07:04.319 [http-nio-9001-exec-6] INFO  o.s.c.c.s.e.NativeEnvironmentRepository - Adding property source: Config resource 'class path resource [configs/application.yml]' via location 'classpath:/configs/'
2026-01-14 00:07:24.312 [http-nio-9001-exec-4] INFO  o.s.c.c.s.e.NativeEnvironmentRepository - Adding property source: Config resource 'class path resource [configs/application.yml]' via location 'classpath:/configs/'
2026-01-14 00:07:44.411 [http-nio-9001-exec-5] INFO  o.s.c.c.s.e.NativeEnvironmentRepository - Adding property source: Config resource 'class path resource [configs/application.yml]' via location 'classpath:/configs/'
2026-01-14 00:08:04.334 [http-nio-9001-exec-8] INFO  o.s.c.c.s.e.NativeEnvironmentRepository - Adding property source: Config resource 'class path resource [configs/application.yml]' via location 'classpath:/configs/'
2026-01-14 00:08:24.341 [http-nio-9001-exec-10] INFO  o.s.c.c.s.e.NativeEnvironmentRepository - Adding property source: Config resource 'class path resource [configs/application.yml]' via location 'classpath:/configs/'
2026-01-14 00:08:44.333 [http-nio-9001-exec-1] INFO  o.s.c.c.s.e.NativeEnvironmentRepository - Adding property source: Config resource 'class path resource [configs/application.yml]' via location 'classpath:/configs/'
2026-01-14 00:09:04.312 [http-nio-9001-exec-2] INFO  o.s.c.c.s.e.NativeEnvironmentRepository - Adding property source: Config resource 'class path resource [configs/application.yml]' via location 'classpath:/configs/'
2026-01-14 00:09:05.764 [SpringApplicationShutdownHook] INFO  o.s.c.n.e.s.EurekaServiceRegistry - Unregistering application CONFIG-SERVICE with eureka with status DOWN
2026-01-14 00:09:05.765 [SpringApplicationShutdownHook] INFO  c.netflix.discovery.DiscoveryClient - Saw local status change event StatusChangeEvent [timestamp=1768329545765, current=DOWN, previous=UP]
2026-01-14 00:09:05.766 [DiscoveryClient-InstanceInfoReplicator-0] INFO  c.netflix.discovery.DiscoveryClient - DiscoveryClient_CONFIG-SERVICE/192.168.2.134:config-service:9001: registering service...
2026-01-14 00:09:05.806 [DiscoveryClient-InstanceInfoReplicator-0] INFO  c.netflix.discovery.DiscoveryClient - DiscoveryClient_CONFIG-SERVICE/192.168.2.134:config-service:9001 - registration status: 204
2026-01-14 00:09:05.890 [SpringApplicationShutdownHook] INFO  c.netflix.discovery.DiscoveryClient - Shutting down DiscoveryClient ...
2026-01-14 00:09:08.896 [DiscoveryClient-1] WARN  c.n.discovery.TimedSupervisorTask - task supervisor shutting down, can't accept the task
2026-01-14 00:09:08.904 [SpringApplicationShutdownHook] INFO  c.netflix.discovery.DiscoveryClient - Unregistering ...
2026-01-14 00:09:08.922 [SpringApplicationShutdownHook] INFO  c.netflix.discovery.DiscoveryClient - DiscoveryClient_CONFIG-SERVICE/192.168.2.134:config-service:9001 - deregister  status: 200
2026-01-14 00:09:08.937 [SpringApplicationShutdownHook] INFO  c.netflix.discovery.DiscoveryClient - Completed shut down of DiscoveryClient
2026-01-14 00:09:13.476 [main] INFO  c.n.config.ConfigServiceApplication - Starting ConfigServiceApplication using Java 21.0.7 with PID 57333 (/Users/aman/Downloads/Nearly/microservices/config-service/target/classes started by aman in /Users/aman/Downloads/Nearly/microservices/config-service)
2026-01-14 00:09:13.478 [main] INFO  c.n.config.ConfigServiceApplication - The following 1 profile is active: "native"
2026-01-14 00:09:14.022 [main] INFO  o.s.cloud.context.scope.GenericScope - BeanFactory id=c54a75c1-dcac-36aa-a8b2-71aaad1b64ec
2026-01-14 00:09:14.053 [main] WARN  o.s.c.s.PostProcessorRegistrationDelegate$BeanPostProcessorChecker - Bean 'org.springframework.cloud.client.loadbalancer.LoadBalancerAutoConfiguration$LoadBalancerInterceptorConfig' of type [org.springframework.cloud.client.loadbalancer.LoadBalancerAutoConfiguration$LoadBalancerInterceptorConfig] is not eligible for getting processed by all BeanPostProcessors (for example: not eligible for auto-proxying). The currently created BeanPostProcessor [lbRestClientPostProcessor] is declared through a non-static factory method on that class; consider declaring it as static instead.
2026-01-14 00:09:14.054 [main] WARN  o.s.c.s.PostProcessorRegistrationDelegate$BeanPostProcessorChecker - Bean 'org.springframework.cloud.loadbalancer.config.BlockingLoadBalancerClientAutoConfiguration' of type [org.springframework.cloud.loadbalancer.config.BlockingLoadBalancerClientAutoConfiguration] is not eligible for getting processed by all BeanPostProcessors (for example: not eligible for auto-proxying). Is this bean getting eagerly injected into a currently created BeanPostProcessor [lbRestClientPostProcessor]? Check the corresponding BeanPostProcessor declaration and its dependencies.
2026-01-14 00:09:14.055 [main] WARN  o.s.c.s.PostProcessorRegistrationDelegate$BeanPostProcessorChecker - Bean 'org.springframework.cloud.loadbalancer.config.LoadBalancerAutoConfiguration' of type [org.springframework.cloud.loadbalancer.config.LoadBalancerAutoConfiguration] is not eligible for getting processed by all BeanPostProcessors (for example: not eligible for auto-proxying). Is this bean getting eagerly injected into a currently created BeanPostProcessor [lbRestClientPostProcessor]? Check the corresponding BeanPostProcessor declaration and its dependencies.
2026-01-14 00:09:14.058 [main] WARN  o.s.c.s.PostProcessorRegistrationDelegate$BeanPostProcessorChecker - Bean 'org.springframework.cloud.commons.config.CommonsConfigAutoConfiguration' of type [org.springframework.cloud.commons.config.CommonsConfigAutoConfiguration] is not eligible for getting processed by all BeanPostProcessors (for example: not eligible for auto-proxying). Is this bean getting eagerly injected into a currently created BeanPostProcessor [lbRestClientPostProcessor]? Check the corresponding BeanPostProcessor declaration and its dependencies.
2026-01-14 00:09:14.059 [main] WARN  o.s.c.s.PostProcessorRegistrationDelegate$BeanPostProcessorChecker - Bean 'org.springframework.cloud.client.loadbalancer.LoadBalancerDefaultMappingsProviderAutoConfiguration' of type [org.springframework.cloud.client.loadbalancer.LoadBalancerDefaultMappingsProviderAutoConfiguration] is not eligible for getting processed by all BeanPostProcessors (for example: not eligible for auto-proxying). Is this bean getting eagerly injected into a currently created BeanPostProcessor [lbRestClientPostProcessor]? Check the corresponding BeanPostProcessor declaration and its dependencies.
2026-01-14 00:09:14.059 [main] WARN  o.s.c.s.PostProcessorRegistrationDelegate$BeanPostProcessorChecker - Bean 'loadBalancerClientsDefaultsMappingsProvider' of type [org.springframework.cloud.client.loadbalancer.LoadBalancerDefaultMappingsProviderAutoConfiguration$$Lambda/0x00000090013dd680] is not eligible for getting processed by all BeanPostProcessors (for example: not eligible for auto-proxying). Is this bean getting eagerly injected into a currently created BeanPostProcessor [lbRestClientPostProcessor]? Check the corresponding BeanPostProcessor declaration and its dependencies.
2026-01-14 00:09:14.060 [main] WARN  o.s.c.s.PostProcessorRegistrationDelegate$BeanPostProcessorChecker - Bean 'defaultsBindHandlerAdvisor' of type [org.springframework.cloud.commons.config.DefaultsBindHandlerAdvisor] is not eligible for getting processed by all BeanPostProcessors (for example: not eligible for auto-proxying). Is this bean getting eagerly injected into a currently created BeanPostProcessor [lbRestClientPostProcessor]? Check the corresponding BeanPostProcessor declaration and its dependencies.
2026-01-14 00:09:14.062 [main] WARN  o.s.c.s.PostProcessorRegistrationDelegate$BeanPostProcessorChecker - Bean 'spring.cloud.loadbalancer-org.springframework.cloud.client.loadbalancer.LoadBalancerClientsProperties' of type [org.springframework.cloud.client.loadbalancer.LoadBalancerClientsProperties] is not eligible for getting processed by all BeanPostProcessors (for example: not eligible for auto-proxying). Is this bean getting eagerly injected into a currently created BeanPostProcessor [lbRestClientPostProcessor]? Check the corresponding BeanPostProcessor declaration and its dependencies.
2026-01-14 00:09:14.064 [main] WARN  o.s.c.s.PostProcessorRegistrationDelegate$BeanPostProcessorChecker - Bean 'default.org.springframework.cloud.loadbalancer.config.LoadBalancerAutoConfiguration.LoadBalancerClientSpecification' of type [org.springframework.cloud.loadbalancer.annotation.LoadBalancerClientSpecification] is not eligible for getting processed by all BeanPostProcessors (for example: not eligible for auto-proxying). Is this bean getting eagerly injected into a currently created BeanPostProcessor [lbRestClientPostProcessor]? Check the corresponding BeanPostProcessor declaration and its dependencies.
2026-01-14 00:09:14.064 [main] WARN  o.s.c.s.PostProcessorRegistrationDelegate$BeanPostProcessorChecker - Bean 'default.org.springframework.cloud.loadbalancer.config.BlockingLoadBalancerClientAutoConfiguration.LoadBalancerClientSpecification' of type [org.springframework.cloud.loadbalancer.annotation.LoadBalancerClientSpecification] is not eligible for getting processed by all BeanPostProcessors (for example: not eligible for auto-proxying). Is this bean getting eagerly injected into a currently created BeanPostProcessor [lbRestClientPostProcessor]? Check the corresponding BeanPostProcessor declaration and its dependencies.
2026-01-14 00:09:14.064 [main] WARN  o.s.c.s.PostProcessorRegistrationDelegate$BeanPostProcessorChecker - Bean 'default.org.springframework.cloud.netflix.eureka.loadbalancer.LoadBalancerEurekaAutoConfiguration.LoadBalancerClientSpecification' of type [org.springframework.cloud.loadbalancer.annotation.LoadBalancerClientSpecification] is not eligible for getting processed by all BeanPostProcessors (for example: not eligible for auto-proxying). Is this bean getting eagerly injected into a currently created BeanPostProcessor [lbRestClientPostProcessor]? Check the corresponding BeanPostProcessor declaration and its dependencies.
2026-01-14 00:09:14.065 [main] WARN  o.s.c.s.PostProcessorRegistrationDelegate$BeanPostProcessorChecker - Bean 'loadBalancerClientFactory' of type [org.springframework.cloud.loadbalancer.support.LoadBalancerClientFactory] is not eligible for getting processed by all BeanPostProcessors (for example: not eligible for auto-proxying). Is this bean getting eagerly injected into a currently created BeanPostProcessor [lbRestClientPostProcessor]? Check the corresponding BeanPostProcessor declaration and its dependencies.
2026-01-14 00:09:14.066 [main] WARN  o.s.c.s.PostProcessorRegistrationDelegate$BeanPostProcessorChecker - Bean 'blockingLoadBalancerClient' of type [org.springframework.cloud.loadbalancer.blocking.client.BlockingLoadBalancerClient] is not eligible for getting processed by all BeanPostProcessors (for example: not eligible for auto-proxying). Is this bean getting eagerly injected into a currently created BeanPostProcessor [lbRestClientPostProcessor]? Check the corresponding BeanPostProcessor declaration and its dependencies.
2026-01-14 00:09:14.069 [main] WARN  o.s.c.s.PostProcessorRegistrationDelegate$BeanPostProcessorChecker - Bean 'loadBalancerServiceInstanceCookieTransformer' of type [org.springframework.cloud.loadbalancer.core.LoadBalancerServiceInstanceCookieTransformer] is not eligible for getting processed by all BeanPostProcessors (for example: not eligible for auto-proxying). Is this bean getting eagerly injected into a currently created BeanPostProcessor [lbRestClientPostProcessor]? Check the corresponding BeanPostProcessor declaration and its dependencies.
2026-01-14 00:09:14.069 [main] WARN  o.s.c.s.PostProcessorRegistrationDelegate$BeanPostProcessorChecker - Bean 'xForwarderHeadersTransformer' of type [org.springframework.cloud.loadbalancer.blocking.XForwardedHeadersTransformer] is not eligible for getting processed by all BeanPostProcessors (for example: not eligible for auto-proxying). Is this bean getting eagerly injected into a currently created BeanPostProcessor [lbRestClientPostProcessor]? Check the corresponding BeanPostProcessor declaration and its dependencies.
2026-01-14 00:09:14.070 [main] WARN  o.s.c.s.PostProcessorRegistrationDelegate$BeanPostProcessorChecker - Bean 'org.springframework.cloud.client.loadbalancer.LoadBalancerAutoConfiguration' of type [org.springframework.cloud.client.loadbalancer.LoadBalancerAutoConfiguration] is not eligible for getting processed by all BeanPostProcessors (for example: not eligible for auto-proxying). Is this bean getting eagerly injected into a currently created BeanPostProcessor [lbRestClientPostProcessor]? Check the corresponding BeanPostProcessor declaration and its dependencies.
2026-01-14 00:09:14.070 [main] WARN  o.s.c.s.PostProcessorRegistrationDelegate$BeanPostProcessorChecker - Bean 'loadBalancerRequestFactory' of type [org.springframework.cloud.client.loadbalancer.LoadBalancerRequestFactory] is not eligible for getting processed by all BeanPostProcessors (for example: not eligible for auto-proxying). Is this bean getting eagerly injected into a currently created BeanPostProcessor [lbRestClientPostProcessor]? Check the corresponding BeanPostProcessor declaration and its dependencies.
2026-01-14 00:09:14.071 [main] WARN  o.s.c.s.PostProcessorRegistrationDelegate$BeanPostProcessorChecker - Bean 'loadBalancerInterceptor' of type [org.springframework.cloud.client.loadbalancer.LoadBalancerInterceptor] is not eligible for getting processed by all BeanPostProcessors (for example: not eligible for auto-proxying). Is this bean getting eagerly injected into a currently created BeanPostProcessor [lbRestClientPostProcessor]? Check the corresponding BeanPostProcessor declaration and its dependencies.
2026-01-14 00:09:14.180 [main] INFO  o.s.b.w.e.tomcat.TomcatWebServer - Tomcat initialized with port 9001 (http)
2026-01-14 00:09:14.188 [main] INFO  o.a.catalina.core.StandardService - Starting service [Tomcat]
2026-01-14 00:09:14.188 [main] INFO  o.a.catalina.core.StandardEngine - Starting Servlet engine: [Apache Tomcat/10.1.18]
2026-01-14 00:09:14.221 [main] INFO  o.a.c.c.C.[Tomcat].[localhost].[/] - Initializing Spring embedded WebApplicationContext
2026-01-14 00:09:14.221 [main] INFO  o.s.b.w.s.c.ServletWebServerApplicationContext - Root WebApplicationContext: initialization completed in 726 ms
2026-01-14 00:09:14.864 [main] INFO  o.s.c.n.e.c.DiscoveryClientOptionalArgsConfiguration - Eureka HTTP Client uses RestTemplate.
2026-01-14 00:09:14.922 [main] WARN  o.s.c.l.c.LoadBalancerCacheAutoConfiguration$LoadBalancerCaffeineWarnLogger - Spring Cloud LoadBalancer is currently working with the default cache. While this cache implementation is useful for development and tests, it's recommended to use Caffeine cache in production.You can switch to using Caffeine cache, by adding it and org.springframework.cache.caffeine.CaffeineCacheManager to the classpath.
2026-01-14 00:09:14.927 [main] INFO  o.s.b.a.e.web.EndpointLinksResolver - Exposing 3 endpoint(s) beneath base path '/actuator'
2026-01-14 00:09:14.978 [main] INFO  o.s.c.n.eureka.InstanceInfoFactory - Setting initial instance status as: STARTING
2026-01-14 00:09:15.037 [main] INFO  c.netflix.discovery.DiscoveryClient - Initializing Eureka in region us-east-1
2026-01-14 00:09:15.039 [main] INFO  c.n.d.s.r.aws.ConfigClusterResolver - Resolving eureka endpoints via configuration
2026-01-14 00:09:15.061 [main] INFO  c.netflix.discovery.DiscoveryClient - Disable delta property : false
2026-01-14 00:09:15.062 [main] INFO  c.netflix.discovery.DiscoveryClient - Single vip registry refresh property : null
2026-01-14 00:09:15.062 [main] INFO  c.netflix.discovery.DiscoveryClient - Force full registry fetch : false
2026-01-14 00:09:15.062 [main] INFO  c.netflix.discovery.DiscoveryClient - Application is null : false
2026-01-14 00:09:15.062 [main] INFO  c.netflix.discovery.DiscoveryClient - Registered Applications size is zero : true
2026-01-14 00:09:15.062 [main] INFO  c.netflix.discovery.DiscoveryClient - Application version is -1: true
2026-01-14 00:09:15.062 [main] INFO  c.netflix.discovery.DiscoveryClient - Getting all instance registry info from the eureka server
2026-01-14 00:09:15.242 [main] INFO  c.netflix.discovery.DiscoveryClient - The response status is 200
2026-01-14 00:09:15.244 [main] INFO  c.netflix.discovery.DiscoveryClient - Starting heartbeat executor: renew interval is: 30
2026-01-14 00:09:15.244 [main] INFO  c.n.discovery.InstanceInfoReplicator - InstanceInfoReplicator onDemand update allowed rate per min is 4
2026-01-14 00:09:15.246 [main] INFO  c.netflix.discovery.DiscoveryClient - Discovery Client initialized at timestamp 1768329555246 with initial instances count: 16
2026-01-14 00:09:15.247 [main] INFO  o.s.c.n.e.s.EurekaServiceRegistry - Registering application CONFIG-SERVICE with eureka with status UP
2026-01-14 00:09:15.247 [main] INFO  c.netflix.discovery.DiscoveryClient - Saw local status change event StatusChangeEvent [timestamp=1768329555247, current=UP, previous=STARTING]
2026-01-14 00:09:15.247 [DiscoveryClient-InstanceInfoReplicator-0] INFO  c.netflix.discovery.DiscoveryClient - DiscoveryClient_CONFIG-SERVICE/192.168.2.134:config-service:9001: registering service...
2026-01-14 00:09:15.256 [main] INFO  o.s.b.w.e.tomcat.TomcatWebServer - Tomcat started on port 9001 (http) with context path ''
2026-01-14 00:09:15.257 [main] INFO  o.s.c.n.e.s.EurekaAutoServiceRegistration - Updating port to 9001
2026-01-14 00:09:15.266 [DiscoveryClient-InstanceInfoReplicator-0] INFO  c.netflix.discovery.DiscoveryClient - DiscoveryClient_CONFIG-SERVICE/192.168.2.134:config-service:9001 - registration status: 204
2026-01-14 00:09:15.269 [main] INFO  c.n.config.ConfigServiceApplication - Started ConfigServiceApplication in 2.084 seconds (process running for 2.286)
2026-01-14 00:09:23.750 [http-nio-9001-exec-1] INFO  o.a.c.c.C.[Tomcat].[localhost].[/] - Initializing Spring DispatcherServlet 'dispatcherServlet'
2026-01-14 00:09:23.750 [http-nio-9001-exec-1] INFO  o.s.web.servlet.DispatcherServlet - Initializing Servlet 'dispatcherServlet'
2026-01-14 00:09:23.753 [http-nio-9001-exec-1] INFO  o.s.web.servlet.DispatcherServlet - Completed initialization in 3 ms
2026-01-14 00:09:23.798 [http-nio-9001-exec-1] INFO  o.s.c.c.s.e.NativeEnvironmentRepository - Adding property source: Config resource 'class path resource [configs/api-gateway.yml]' via location 'classpath:/configs/'
2026-01-14 00:09:23.798 [http-nio-9001-exec-1] INFO  o.s.c.c.s.e.NativeEnvironmentRepository - Adding property source: Config resource 'class path resource [configs/application.yml]' via location 'classpath:/configs/'
2026-01-14 00:09:41.618 [http-nio-9001-exec-2] INFO  o.s.c.c.s.e.NativeEnvironmentRepository - Adding property source: Config resource 'class path resource [configs/application.yml]' via location 'classpath:/configs/'
2026-01-14 00:09:54.268 [http-nio-9001-exec-5] INFO  o.s.c.c.s.e.NativeEnvironmentRepository - Adding property source: Config resource 'class path resource [configs/application.yml]' via location 'classpath:/configs/'
2026-01-14 00:10:14.218 [http-nio-9001-exec-6] INFO  o.s.c.c.s.e.NativeEnvironmentRepository - Adding property source: Config resource 'class path resource [configs/application.yml]' via location 'classpath:/configs/'
2026-01-14 00:10:34.254 [http-nio-9001-exec-8] INFO  o.s.c.c.s.e.NativeEnvironmentRepository - Adding property source: Config resource 'class path resource [configs/application.yml]' via location 'classpath:/configs/'
2026-01-14 00:10:54.255 [http-nio-9001-exec-10] INFO  o.s.c.c.s.e.NativeEnvironmentRepository - Adding property source: Config resource 'class path resource [configs/application.yml]' via location 'classpath:/configs/'
2026-01-14 00:11:14.285 [http-nio-9001-exec-1] INFO  o.s.c.c.s.e.NativeEnvironmentRepository - Adding property source: Config resource 'class path resource [configs/application.yml]' via location 'classpath:/configs/'
2026-01-14 00:11:34.238 [http-nio-9001-exec-2] INFO  o.s.c.c.s.e.NativeEnvironmentRepository - Adding property source: Config resource 'class path resource [configs/application.yml]' via location 'classpath:/configs/'
2026-01-14 00:11:44.454 [http-nio-9001-exec-3] INFO  o.s.c.c.s.e.NativeEnvironmentRepository - Adding property source: Config resource 'class path resource [configs/application.yml]' via location 'classpath:/configs/'
2026-01-14 00:12:04.253 [http-nio-9001-exec-4] INFO  o.s.c.c.s.e.NativeEnvironmentRepository - Adding property source: Config resource 'class path resource [configs/application.yml]' via location 'classpath:/configs/'
2026-01-14 00:12:24.368 [http-nio-9001-exec-5] INFO  o.s.c.c.s.e.NativeEnvironmentRepository - Adding property source: Config resource 'class path resource [configs/application.yml]' via location 'classpath:/configs/'
2026-01-14 00:12:44.276 [http-nio-9001-exec-6] INFO  o.s.c.c.s.e.NativeEnvironmentRepository - Adding property source: Config resource 'class path resource [configs/application.yml]' via location 'classpath:/configs/'
2026-01-14 00:13:04.745 [http-nio-9001-exec-8] INFO  o.s.c.c.s.e.NativeEnvironmentRepository - Adding property source: Config resource 'class path resource [configs/application.yml]' via location 'classpath:/configs/'
2026-01-14 00:13:24.335 [http-nio-9001-exec-9] INFO  o.s.c.c.s.e.NativeEnvironmentRepository - Adding property source: Config resource 'class path resource [configs/application.yml]' via location 'classpath:/configs/'
2026-01-14 00:13:44.332 [http-nio-9001-exec-10] INFO  o.s.c.c.s.e.NativeEnvironmentRepository - Adding property source: Config resource 'class path resource [configs/application.yml]' via location 'classpath:/configs/'
2026-01-14 00:14:04.296 [http-nio-9001-exec-1] INFO  o.s.c.c.s.e.NativeEnvironmentRepository - Adding property source: Config resource 'class path resource [configs/application.yml]' via location 'classpath:/configs/'
2026-01-14 00:14:15.069 [AsyncResolver-bootstrap-executor-0] INFO  c.n.d.s.r.aws.ConfigClusterResolver - Resolving eureka endpoints via configuration
2026-01-14 00:14:24.325 [http-nio-9001-exec-2] INFO  o.s.c.c.s.e.NativeEnvironmentRepository - Adding property source: Config resource 'class path resource [configs/application.yml]' via location 'classpath:/configs/'
2026-01-14 00:14:44.401 [http-nio-9001-exec-3] INFO  o.s.c.c.s.e.NativeEnvironmentRepository - Adding property source: Config resource 'class path resource [configs/application.yml]' via location 'classpath:/configs/'
2026-01-14 00:15:04.322 [http-nio-9001-exec-5] INFO  o.s.c.c.s.e.NativeEnvironmentRepository - Adding property source: Config resource 'class path resource [configs/application.yml]' via location 'classpath:/configs/'
2026-01-14 00:15:24.326 [http-nio-9001-exec-7] INFO  o.s.c.c.s.e.NativeEnvironmentRepository - Adding property source: Config resource 'class path resource [configs/application.yml]' via location 'classpath:/configs/'
2026-01-14 00:15:44.445 [http-nio-9001-exec-6] INFO  o.s.c.c.s.e.NativeEnvironmentRepository - Adding property source: Config resource 'class path resource [configs/application.yml]' via location 'classpath:/configs/'
2026-01-14 00:16:04.334 [http-nio-9001-exec-8] INFO  o.s.c.c.s.e.NativeEnvironmentRepository - Adding property source: Config resource 'class path resource [configs/application.yml]' via location 'classpath:/configs/'
2026-01-14 00:16:24.341 [http-nio-9001-exec-9] INFO  o.s.c.c.s.e.NativeEnvironmentRepository - Adding property source: Config resource 'class path resource [configs/application.yml]' via location 'classpath:/configs/'
2026-01-14 00:16:44.378 [http-nio-9001-exec-10] INFO  o.s.c.c.s.e.NativeEnvironmentRepository - Adding property source: Config resource 'class path resource [configs/application.yml]' via location 'classpath:/configs/'
2026-01-14 00:17:05.589 [http-nio-9001-exec-2] INFO  o.s.c.c.s.e.NativeEnvironmentRepository - Adding property source: Config resource 'class path resource [configs/application.yml]' via location 'classpath:/configs/'
2026-01-14 00:17:24.322 [http-nio-9001-exec-4] INFO  o.s.c.c.s.e.NativeEnvironmentRepository - Adding property source: Config resource 'class path resource [configs/application.yml]' via location 'classpath:/configs/'
2026-01-14 00:17:44.382 [http-nio-9001-exec-3] INFO  o.s.c.c.s.e.NativeEnvironmentRepository - Adding property source: Config resource 'class path resource [configs/application.yml]' via location 'classpath:/configs/'
2026-01-14 00:18:04.274 [http-nio-9001-exec-5] INFO  o.s.c.c.s.e.NativeEnvironmentRepository - Adding property source: Config resource 'class path resource [configs/application.yml]' via location 'classpath:/configs/'
2026-01-14 00:18:24.305 [http-nio-9001-exec-7] INFO  o.s.c.c.s.e.NativeEnvironmentRepository - Adding property source: Config resource 'class path resource [configs/application.yml]' via location 'classpath:/configs/'
2026-01-14 00:18:44.299 [http-nio-9001-exec-6] INFO  o.s.c.c.s.e.NativeEnvironmentRepository - Adding property source: Config resource 'class path resource [configs/application.yml]' via location 'classpath:/configs/'
2026-01-14 00:19:04.302 [http-nio-9001-exec-9] INFO  o.s.c.c.s.e.NativeEnvironmentRepository - Adding property source: Config resource 'class path resource [configs/application.yml]' via location 'classpath:/configs/'
2026-01-14 00:19:15.091 [AsyncResolver-bootstrap-executor-0] INFO  c.n.d.s.r.aws.ConfigClusterResolver - Resolving eureka endpoints via configuration
2026-01-14 00:19:24.978 [http-nio-9001-exec-1] INFO  o.s.c.c.s.e.NativeEnvironmentRepository - Adding property source: Config resource 'class path resource [configs/application.yml]' via location 'classpath:/configs/'
2026-01-14 00:19:44.431 [http-nio-9001-exec-10] INFO  o.s.c.c.s.e.NativeEnvironmentRepository - Adding property source: Config resource 'class path resource [configs/application.yml]' via location 'classpath:/configs/'
2026-01-14 00:20:04.328 [http-nio-9001-exec-2] INFO  o.s.c.c.s.e.NativeEnvironmentRepository - Adding property source: Config resource 'class path resource [configs/application.yml]' via location 'classpath:/configs/'
2026-01-14 00:20:24.380 [http-nio-9001-exec-4] INFO  o.s.c.c.s.e.NativeEnvironmentRepository - Adding property source: Config resource 'class path resource [configs/application.yml]' via location 'classpath:/configs/'
2026-01-14 00:20:44.413 [http-nio-9001-exec-3] INFO  o.s.c.c.s.e.NativeEnvironmentRepository - Adding property source: Config resource 'class path resource [configs/application.yml]' via location 'classpath:/configs/'
2026-01-14 00:21:05.456 [http-nio-9001-exec-7] INFO  o.s.c.c.s.e.NativeEnvironmentRepository - Adding property source: Config resource 'class path resource [configs/application.yml]' via location 'classpath:/configs/'
2026-01-14 00:21:24.420 [http-nio-9001-exec-8] INFO  o.s.c.c.s.e.NativeEnvironmentRepository - Adding property source: Config resource 'class path resource [configs/application.yml]' via location 'classpath:/configs/'
2026-01-14 00:21:44.384 [http-nio-9001-exec-6] INFO  o.s.c.c.s.e.NativeEnvironmentRepository - Adding property source: Config resource 'class path resource [configs/application.yml]' via location 'classpath:/configs/'
2026-01-14 00:22:04.275 [http-nio-9001-exec-9] INFO  o.s.c.c.s.e.NativeEnvironmentRepository - Adding property source: Config resource 'class path resource [configs/application.yml]' via location 'classpath:/configs/'
2026-01-14 00:22:24.263 [http-nio-9001-exec-1] INFO  o.s.c.c.s.e.NativeEnvironmentRepository - Adding property source: Config resource 'class path resource [configs/application.yml]' via location 'classpath:/configs/'
2026-01-14 00:22:44.272 [http-nio-9001-exec-10] INFO  o.s.c.c.s.e.NativeEnvironmentRepository - Adding property source: Config resource 'class path resource [configs/application.yml]' via location 'classpath:/configs/'
2026-01-14 00:23:04.328 [http-nio-9001-exec-4] INFO  o.s.c.c.s.e.NativeEnvironmentRepository - Adding property source: Config resource 'class path resource [configs/application.yml]' via location 'classpath:/configs/'
2026-01-14 00:23:24.315 [http-nio-9001-exec-5] INFO  o.s.c.c.s.e.NativeEnvironmentRepository - Adding property source: Config resource 'class path resource [configs/application.yml]' via location 'classpath:/configs/'
2026-01-14 00:23:44.307 [http-nio-9001-exec-3] INFO  o.s.c.c.s.e.NativeEnvironmentRepository - Adding property source: Config resource 'class path resource [configs/application.yml]' via location 'classpath:/configs/'
2026-01-14 00:24:04.281 [http-nio-9001-exec-7] INFO  o.s.c.c.s.e.NativeEnvironmentRepository - Adding property source: Config resource 'class path resource [configs/application.yml]' via location 'classpath:/configs/'
2026-01-14 00:24:15.105 [AsyncResolver-bootstrap-executor-0] INFO  c.n.d.s.r.aws.ConfigClusterResolver - Resolving eureka endpoints via configuration
2026-01-14 00:24:24.340 [http-nio-9001-exec-8] INFO  o.s.c.c.s.e.NativeEnvironmentRepository - Adding property source: Config resource 'class path resource [configs/application.yml]' via location 'classpath:/configs/'
2026-01-14 00:24:44.333 [http-nio-9001-exec-6] INFO  o.s.c.c.s.e.NativeEnvironmentRepository - Adding property source: Config resource 'class path resource [configs/application.yml]' via location 'classpath:/configs/'
2026-01-14 00:25:04.347 [http-nio-9001-exec-1] INFO  o.s.c.c.s.e.NativeEnvironmentRepository - Adding property source: Config resource 'class path resource [configs/application.yml]' via location 'classpath:/configs/'
2026-01-14 00:25:24.303 [http-nio-9001-exec-2] INFO  o.s.c.c.s.e.NativeEnvironmentRepository - Adding property source: Config resource 'class path resource [configs/application.yml]' via location 'classpath:/configs/'
2026-01-14 00:25:44.400 [http-nio-9001-exec-10] INFO  o.s.c.c.s.e.NativeEnvironmentRepository - Adding property source: Config resource 'class path resource [configs/application.yml]' via location 'classpath:/configs/'
2026-01-14 00:26:04.314 [http-nio-9001-exec-4] INFO  o.s.c.c.s.e.NativeEnvironmentRepository - Adding property source: Config resource 'class path resource [configs/application.yml]' via location 'classpath:/configs/'
2026-01-14 00:26:24.326 [http-nio-9001-exec-5] INFO  o.s.c.c.s.e.NativeEnvironmentRepository - Adding property source: Config resource 'class path resource [configs/application.yml]' via location 'classpath:/configs/'
2026-01-14 00:26:44.376 [http-nio-9001-exec-7] INFO  o.s.c.c.s.e.NativeEnvironmentRepository - Adding property source: Config resource 'class path resource [configs/application.yml]' via location 'classpath:/configs/'
2026-01-14 00:27:04.315 [http-nio-9001-exec-8] INFO  o.s.c.c.s.e.NativeEnvironmentRepository - Adding property source: Config resource 'class path resource [configs/application.yml]' via location 'classpath:/configs/'
2026-01-14 00:27:24.351 [http-nio-9001-exec-9] INFO  o.s.c.c.s.e.NativeEnvironmentRepository - Adding property source: Config resource 'class path resource [configs/application.yml]' via location 'classpath:/configs/'
2026-01-14 00:27:44.473 [http-nio-9001-exec-6] INFO  o.s.c.c.s.e.NativeEnvironmentRepository - Adding property source: Config resource 'class path resource [configs/application.yml]' via location 'classpath:/configs/'
