2026-01-13T22:07:34.432+05:30  INFO 95025 --- [pai-service] [main] com.nearly.pai.PaiServiceApplication     : Starting PaiServiceApplication using Java 21.0.7 with PID 95025 (/Users/aman/Downloads/Nearly/microservices/pai-service/target/classes started by aman in /Users/aman/Downloads/Nearly/microservices/pai-service)
2026-01-13T22:07:34.433+05:30 DEBUG 95025 --- [pai-service] [main] com.nearly.pai.PaiServiceApplication     : Running with Spring Boot v3.2.2, Spring v6.1.3
2026-01-13T22:07:34.433+05:30  INFO 95025 --- [pai-service] [main] com.nearly.pai.PaiServiceApplication     : No active profile set, falling back to 1 default profile: "default"
2026-01-13T22:07:34.447+05:30  INFO 95025 --- [pai-service] [main] o.s.c.c.c.ConfigServerConfigDataLoader   : Fetching config from server at : http://localhost:9001
2026-01-13T22:07:34.447+05:30  INFO 95025 --- [pai-service] [main] o.s.c.c.c.ConfigServerConfigDataLoader   : Located environment: name=pai-service, profiles=[default], label=null, version=null, state=null
2026-01-13T22:07:34.866+05:30  INFO 95025 --- [pai-service] [main] .s.d.r.c.RepositoryConfigurationDelegate : Multiple Spring Data modules found, entering strict repository configuration mode
2026-01-13T22:07:34.866+05:30  INFO 95025 --- [pai-service] [main] .s.d.r.c.RepositoryConfigurationDelegate : Bootstrapping Spring Data MongoDB repositories in DEFAULT mode.
2026-01-13T22:07:34.921+05:30  INFO 95025 --- [pai-service] [main] .s.d.r.c.RepositoryConfigurationDelegate : Finished Spring Data repository scanning in 53 ms. Found 3 MongoDB repository interfaces.
2026-01-13T22:07:34.927+05:30  INFO 95025 --- [pai-service] [main] .s.d.r.c.RepositoryConfigurationDelegate : Multiple Spring Data modules found, entering strict repository configuration mode
2026-01-13T22:07:34.927+05:30  INFO 95025 --- [pai-service] [main] .s.d.r.c.RepositoryConfigurationDelegate : Bootstrapping Spring Data Redis repositories in DEFAULT mode.
2026-01-13T22:07:34.932+05:30  INFO 95025 --- [pai-service] [main] .RepositoryConfigurationExtensionSupport : Spring Data Redis - Could not safely identify store assignment for repository candidate interface com.nearly.pai.repository.MatchHistoryRepository; If you want this repository to be a Redis repository, consider annotating your entities with one of these annotations: org.springframework.data.redis.core.RedisHash (preferred), or consider extending one of the following types with your repository: org.springframework.data.keyvalue.repository.KeyValueRepository
2026-01-13T22:07:34.932+05:30  INFO 95025 --- [pai-service] [main] .RepositoryConfigurationExtensionSupport : Spring Data Redis - Could not safely identify store assignment for repository candidate interface com.nearly.pai.repository.MatchQueueRepository; If you want this repository to be a Redis repository, consider annotating your entities with one of these annotations: org.springframework.data.redis.core.RedisHash (preferred), or consider extending one of the following types with your repository: org.springframework.data.keyvalue.repository.KeyValueRepository
2026-01-13T22:07:34.932+05:30  INFO 95025 --- [pai-service] [main] .RepositoryConfigurationExtensionSupport : Spring Data Redis - Could not safely identify store assignment for repository candidate interface com.nearly.pai.repository.MatchRatingRepository; If you want this repository to be a Redis repository, consider annotating your entities with one of these annotations: org.springframework.data.redis.core.RedisHash (preferred), or consider extending one of the following types with your repository: org.springframework.data.keyvalue.repository.KeyValueRepository
2026-01-13T22:07:34.932+05:30  INFO 95025 --- [pai-service] [main] .s.d.r.c.RepositoryConfigurationDelegate : Finished Spring Data repository scanning in 2 ms. Found 0 Redis repository interfaces.
2026-01-13T22:07:35.018+05:30  INFO 95025 --- [pai-service] [main] o.s.cloud.context.scope.GenericScope     : BeanFactory id=e384e94a-d561-380b-9b65-d47578c5b331
2026-01-13T22:07:35.050+05:30  WARN 95025 --- [pai-service] [main] trationDelegate$BeanPostProcessorChecker : Bean 'org.springframework.cloud.client.loadbalancer.LoadBalancerAutoConfiguration$LoadBalancerInterceptorConfig' of type [org.springframework.cloud.client.loadbalancer.LoadBalancerAutoConfiguration$LoadBalancerInterceptorConfig] is not eligible for getting processed by all BeanPostProcessors (for example: not eligible for auto-proxying). The currently created BeanPostProcessor [lbRestClientPostProcessor] is declared through a non-static factory method on that class; consider declaring it as static instead.
2026-01-13T22:07:35.051+05:30  WARN 95025 --- [pai-service] [main] trationDelegate$BeanPostProcessorChecker : Bean 'org.springframework.cloud.loadbalancer.config.BlockingLoadBalancerClientAutoConfiguration' of type [org.springframework.cloud.loadbalancer.config.BlockingLoadBalancerClientAutoConfiguration] is not eligible for getting processed by all BeanPostProcessors (for example: not eligible for auto-proxying). Is this bean getting eagerly injected into a currently created BeanPostProcessor [lbRestClientPostProcessor]? Check the corresponding BeanPostProcessor declaration and its dependencies.
2026-01-13T22:07:35.052+05:30  WARN 95025 --- [pai-service] [main] trationDelegate$BeanPostProcessorChecker : Bean 'org.springframework.cloud.loadbalancer.config.LoadBalancerAutoConfiguration' of type [org.springframework.cloud.loadbalancer.config.LoadBalancerAutoConfiguration] is not eligible for getting processed by all BeanPostProcessors (for example: not eligible for auto-proxying). Is this bean getting eagerly injected into a currently created BeanPostProcessor [lbRestClientPostProcessor]? Check the corresponding BeanPostProcessor declaration and its dependencies.
2026-01-13T22:07:35.054+05:30  WARN 95025 --- [pai-service] [main] trationDelegate$BeanPostProcessorChecker : Bean 'org.springframework.cloud.commons.config.CommonsConfigAutoConfiguration' of type [org.springframework.cloud.commons.config.CommonsConfigAutoConfiguration] is not eligible for getting processed by all BeanPostProcessors (for example: not eligible for auto-proxying). Is this bean getting eagerly injected into a currently created BeanPostProcessor [lbRestClientPostProcessor]? Check the corresponding BeanPostProcessor declaration and its dependencies.
2026-01-13T22:07:35.056+05:30  WARN 95025 --- [pai-service] [main] trationDelegate$BeanPostProcessorChecker : Bean 'org.springframework.cloud.client.loadbalancer.LoadBalancerDefaultMappingsProviderAutoConfiguration' of type [org.springframework.cloud.client.loadbalancer.LoadBalancerDefaultMappingsProviderAutoConfiguration] is not eligible for getting processed by all BeanPostProcessors (for example: not eligible for auto-proxying). Is this bean getting eagerly injected into a currently created BeanPostProcessor [lbRestClientPostProcessor]? Check the corresponding BeanPostProcessor declaration and its dependencies.
2026-01-13T22:07:35.056+05:30  WARN 95025 --- [pai-service] [main] trationDelegate$BeanPostProcessorChecker : Bean 'loadBalancerClientsDefaultsMappingsProvider' of type [org.springframework.cloud.client.loadbalancer.LoadBalancerDefaultMappingsProviderAutoConfiguration$$Lambda/0x000000700149c5f0] is not eligible for getting processed by all BeanPostProcessors (for example: not eligible for auto-proxying). Is this bean getting eagerly injected into a currently created BeanPostProcessor [lbRestClientPostProcessor]? Check the corresponding BeanPostProcessor declaration and its dependencies.
2026-01-13T22:07:35.057+05:30  WARN 95025 --- [pai-service] [main] trationDelegate$BeanPostProcessorChecker : Bean 'defaultsBindHandlerAdvisor' of type [org.springframework.cloud.commons.config.DefaultsBindHandlerAdvisor] is not eligible for getting processed by all BeanPostProcessors (for example: not eligible for auto-proxying). Is this bean getting eagerly injected into a currently created BeanPostProcessor [lbRestClientPostProcessor]? Check the corresponding BeanPostProcessor declaration and its dependencies.
2026-01-13T22:07:35.059+05:30  WARN 95025 --- [pai-service] [main] trationDelegate$BeanPostProcessorChecker : Bean 'spring.cloud.loadbalancer-org.springframework.cloud.client.loadbalancer.LoadBalancerClientsProperties' of type [org.springframework.cloud.client.loadbalancer.LoadBalancerClientsProperties] is not eligible for getting processed by all BeanPostProcessors (for example: not eligible for auto-proxying). Is this bean getting eagerly injected into a currently created BeanPostProcessor [lbRestClientPostProcessor]? Check the corresponding BeanPostProcessor declaration and its dependencies.
2026-01-13T22:07:35.061+05:30  WARN 95025 --- [pai-service] [main] trationDelegate$BeanPostProcessorChecker : Bean 'default.org.springframework.cloud.loadbalancer.config.LoadBalancerAutoConfiguration.LoadBalancerClientSpecification' of type [org.springframework.cloud.loadbalancer.annotation.LoadBalancerClientSpecification] is not eligible for getting processed by all BeanPostProcessors (for example: not eligible for auto-proxying). Is this bean getting eagerly injected into a currently created BeanPostProcessor [lbRestClientPostProcessor]? Check the corresponding BeanPostProcessor declaration and its dependencies.
2026-01-13T22:07:35.062+05:30  WARN 95025 --- [pai-service] [main] trationDelegate$BeanPostProcessorChecker : Bean 'default.org.springframework.cloud.loadbalancer.config.BlockingLoadBalancerClientAutoConfiguration.LoadBalancerClientSpecification' of type [org.springframework.cloud.loadbalancer.annotation.LoadBalancerClientSpecification] is not eligible for getting processed by all BeanPostProcessors (for example: not eligible for auto-proxying). Is this bean getting eagerly injected into a currently created BeanPostProcessor [lbRestClientPostProcessor]? Check the corresponding BeanPostProcessor declaration and its dependencies.
2026-01-13T22:07:35.062+05:30  WARN 95025 --- [pai-service] [main] trationDelegate$BeanPostProcessorChecker : Bean 'default.org.springframework.cloud.netflix.eureka.loadbalancer.LoadBalancerEurekaAutoConfiguration.LoadBalancerClientSpecification' of type [org.springframework.cloud.loadbalancer.annotation.LoadBalancerClientSpecification] is not eligible for getting processed by all BeanPostProcessors (for example: not eligible for auto-proxying). Is this bean getting eagerly injected into a currently created BeanPostProcessor [lbRestClientPostProcessor]? Check the corresponding BeanPostProcessor declaration and its dependencies.
2026-01-13T22:07:35.062+05:30  WARN 95025 --- [pai-service] [main] trationDelegate$BeanPostProcessorChecker : Bean 'loadBalancerClientFactory' of type [org.springframework.cloud.loadbalancer.support.LoadBalancerClientFactory] is not eligible for getting processed by all BeanPostProcessors (for example: not eligible for auto-proxying). Is this bean getting eagerly injected into a currently created BeanPostProcessor [lbRestClientPostProcessor]? Check the corresponding BeanPostProcessor declaration and its dependencies.
2026-01-13T22:07:35.063+05:30  WARN 95025 --- [pai-service] [main] trationDelegate$BeanPostProcessorChecker : Bean 'blockingLoadBalancerClient' of type [org.springframework.cloud.loadbalancer.blocking.client.BlockingLoadBalancerClient] is not eligible for getting processed by all BeanPostProcessors (for example: not eligible for auto-proxying). Is this bean getting eagerly injected into a currently created BeanPostProcessor [lbRestClientPostProcessor]? Check the corresponding BeanPostProcessor declaration and its dependencies.
2026-01-13T22:07:35.066+05:30  WARN 95025 --- [pai-service] [main] trationDelegate$BeanPostProcessorChecker : Bean 'loadBalancerServiceInstanceCookieTransformer' of type [org.springframework.cloud.loadbalancer.core.LoadBalancerServiceInstanceCookieTransformer] is not eligible for getting processed by all BeanPostProcessors (for example: not eligible for auto-proxying). Is this bean getting eagerly injected into a currently created BeanPostProcessor [lbRestClientPostProcessor]? Check the corresponding BeanPostProcessor declaration and its dependencies.
2026-01-13T22:07:35.067+05:30  WARN 95025 --- [pai-service] [main] trationDelegate$BeanPostProcessorChecker : Bean 'xForwarderHeadersTransformer' of type [org.springframework.cloud.loadbalancer.blocking.XForwardedHeadersTransformer] is not eligible for getting processed by all BeanPostProcessors (for example: not eligible for auto-proxying). Is this bean getting eagerly injected into a currently created BeanPostProcessor [lbRestClientPostProcessor]? Check the corresponding BeanPostProcessor declaration and its dependencies.
2026-01-13T22:07:35.067+05:30  WARN 95025 --- [pai-service] [main] trationDelegate$BeanPostProcessorChecker : Bean 'org.springframework.cloud.client.loadbalancer.LoadBalancerAutoConfiguration' of type [org.springframework.cloud.client.loadbalancer.LoadBalancerAutoConfiguration] is not eligible for getting processed by all BeanPostProcessors (for example: not eligible for auto-proxying). Is this bean getting eagerly injected into a currently created BeanPostProcessor [lbRestClientPostProcessor]? Check the corresponding BeanPostProcessor declaration and its dependencies.
2026-01-13T22:07:35.067+05:30  WARN 95025 --- [pai-service] [main] trationDelegate$BeanPostProcessorChecker : Bean 'loadBalancerRequestFactory' of type [org.springframework.cloud.client.loadbalancer.LoadBalancerRequestFactory] is not eligible for getting processed by all BeanPostProcessors (for example: not eligible for auto-proxying). Is this bean getting eagerly injected into a currently created BeanPostProcessor [lbRestClientPostProcessor]? Check the corresponding BeanPostProcessor declaration and its dependencies.
2026-01-13T22:07:35.068+05:30  WARN 95025 --- [pai-service] [main] trationDelegate$BeanPostProcessorChecker : Bean 'loadBalancerInterceptor' of type [org.springframework.cloud.client.loadbalancer.LoadBalancerInterceptor] is not eligible for getting processed by all BeanPostProcessors (for example: not eligible for auto-proxying). Is this bean getting eagerly injected into a currently created BeanPostProcessor [lbRestClientPostProcessor]? Check the corresponding BeanPostProcessor declaration and its dependencies.
2026-01-13T22:07:35.150+05:30  INFO 95025 --- [pai-service] [main] o.s.b.w.embedded.tomcat.TomcatWebServer  : Tomcat initialized with port 9020 (http)
2026-01-13T22:07:35.160+05:30  INFO 95025 --- [pai-service] [main] o.apache.catalina.core.StandardService   : Starting service [Tomcat]
2026-01-13T22:07:35.160+05:30  INFO 95025 --- [pai-service] [main] o.apache.catalina.core.StandardEngine    : Starting Servlet engine: [Apache Tomcat/10.1.18]
2026-01-13T22:07:35.188+05:30  INFO 95025 --- [pai-service] [main] o.a.c.c.C.[Tomcat].[localhost].[/]       : Initializing Spring embedded WebApplicationContext
2026-01-13T22:07:35.188+05:30  INFO 95025 --- [pai-service] [main] w.s.c.ServletWebServerApplicationContext : Root WebApplicationContext: initialization completed in 740 ms
2026-01-13T22:07:35.357+05:30  INFO 95025 --- [pai-service] [main] org.mongodb.driver.client                : MongoClient with metadata {"driver": {"name": "mongo-java-driver|sync|spring-boot", "version": "4.11.1"}, "os": {"type": "Darwin", "name": "Mac OS X", "architecture": "aarch64", "version": "15.2"}, "platform": "Java/Microsoft/21.0.7+6-LTS"} created with settings MongoClientSettings{readPreference=primary, writeConcern=WriteConcern{w=null, wTimeout=null ms, journal=null}, retryWrites=true, retryReads=true, readConcern=ReadConcern{level=null}, credential=null, transportSettings=null, streamFactoryFactory=null, commandListeners=[io.micrometer.core.instrument.binder.mongodb.MongoMetricsCommandListener@67593f7b], codecRegistry=ProvidersCodecRegistry{codecProviders=[ValueCodecProvider{}, BsonValueCodecProvider{}, DBRefCodecProvider{}, DBObjectCodecProvider{}, DocumentCodecProvider{}, CollectionCodecProvider{}, IterableCodecProvider{}, MapCodecProvider{}, GeoJsonCodecProvider{}, GridFSFileCodecProvider{}, Jsr310CodecProvider{}, JsonObjectCodecProvider{}, BsonCodecProvider{}, EnumCodecProvider{}, com.mongodb.client.model.mql.ExpressionCodecProvider@2f262474, com.mongodb.Jep395RecordCodecProvider@7c03f9d0, com.mongodb.KotlinCodecProvider@6ad3fbe4]}, loggerSettings=LoggerSettings{maxDocumentLength=1000}, clusterSettings={hosts=[localhost:27017], srvServiceName=mongodb, mode=SINGLE, requiredClusterType=UNKNOWN, requiredReplicaSetName='null', serverSelector='null', clusterListeners='[]', serverSelectionTimeout='30000 ms', localThreshold='15 ms'}, socketSettings=SocketSettings{connectTimeoutMS=10000, readTimeoutMS=0, receiveBufferSize=0, proxySettings=ProxySettings{host=null, port=null, username=null, password=null}}, heartbeatSocketSettings=SocketSettings{connectTimeoutMS=10000, readTimeoutMS=10000, receiveBufferSize=0, proxySettings=ProxySettings{host=null, port=null, username=null, password=null}}, connectionPoolSettings=ConnectionPoolSettings{maxSize=100, minSize=0, maxWaitTimeMS=120000, maxConnectionLifeTimeMS=0, maxConnectionIdleTimeMS=0, maintenanceInitialDelayMS=0, maintenanceFrequencyMS=60000, connectionPoolListeners=[io.micrometer.core.instrument.binder.mongodb.MongoMetricsConnectionPoolListener@4805069b], maxConnecting=2}, serverSettings=ServerSettings{heartbeatFrequencyMS=10000, minHeartbeatFrequencyMS=500, serverListeners='[]', serverMonitorListeners='[]'}, sslSettings=SslSettings{enabled=false, invalidHostNameAllowed=false, context=null}, applicationName='null', compressorList=[], uuidRepresentation=JAVA_LEGACY, serverApi=null, autoEncryptionSettings=null, dnsClient=null, inetAddressResolver=null, contextProvider=null}
2026-01-13T22:07:35.376+05:30  INFO 95025 --- [pai-service] [cluster-ClusterId{value='696674cf14345d5e663d28aa', description='null'}-localhost:27017] org.mongodb.driver.cluster               : Monitor thread successfully connected to server with description ServerDescription{address=localhost:27017, type=STANDALONE, state=CONNECTED, ok=true, minWireVersion=0, maxWireVersion=25, maxDocumentSize=16777216, logicalSessionTimeoutMinutes=30, roundTripTimeNanos=19645833}
2026-01-13T22:07:36.167+05:30  INFO 95025 --- [pai-service] [main] DiscoveryClientOptionalArgsConfiguration : Eureka HTTP Client uses RestTemplate.
2026-01-13T22:07:36.173+05:30  WARN 95025 --- [pai-service] [main] iguration$LoadBalancerCaffeineWarnLogger : Spring Cloud LoadBalancer is currently working with the default cache. While this cache implementation is useful for development and tests, it's recommended to use Caffeine cache in production.You can switch to using Caffeine cache, by adding it and org.springframework.cache.caffeine.CaffeineCacheManager to the classpath.
2026-01-13T22:07:36.176+05:30  INFO 95025 --- [pai-service] [main] o.s.b.a.e.web.EndpointLinksResolver      : Exposing 3 endpoint(s) beneath base path '/actuator'
2026-01-13T22:07:36.195+05:30  INFO 95025 --- [pai-service] [main] o.s.c.n.eureka.InstanceInfoFactory       : Setting initial instance status as: STARTING
2026-01-13T22:07:36.233+05:30  INFO 95025 --- [pai-service] [main] com.netflix.discovery.DiscoveryClient    : Initializing Eureka in region us-east-1
2026-01-13T22:07:36.235+05:30  INFO 95025 --- [pai-service] [main] c.n.d.s.r.aws.ConfigClusterResolver      : Resolving eureka endpoints via configuration
2026-01-13T22:07:36.243+05:30  INFO 95025 --- [pai-service] [main] com.netflix.discovery.DiscoveryClient    : Disable delta property : false
2026-01-13T22:07:36.243+05:30  INFO 95025 --- [pai-service] [main] com.netflix.discovery.DiscoveryClient    : Single vip registry refresh property : null
2026-01-13T22:07:36.243+05:30  INFO 95025 --- [pai-service] [main] com.netflix.discovery.DiscoveryClient    : Force full registry fetch : false
2026-01-13T22:07:36.243+05:30  INFO 95025 --- [pai-service] [main] com.netflix.discovery.DiscoveryClient    : Application is null : false
2026-01-13T22:07:36.243+05:30  INFO 95025 --- [pai-service] [main] com.netflix.discovery.DiscoveryClient    : Registered Applications size is zero : true
2026-01-13T22:07:36.243+05:30  INFO 95025 --- [pai-service] [main] com.netflix.discovery.DiscoveryClient    : Application version is -1: true
2026-01-13T22:07:36.243+05:30  INFO 95025 --- [pai-service] [main] com.netflix.discovery.DiscoveryClient    : Getting all instance registry info from the eureka server
2026-01-13T22:07:36.352+05:30  INFO 95025 --- [pai-service] [main] com.netflix.discovery.DiscoveryClient    : The response status is 200
2026-01-13T22:07:36.354+05:30  INFO 95025 --- [pai-service] [main] com.netflix.discovery.DiscoveryClient    : Starting heartbeat executor: renew interval is: 30
2026-01-13T22:07:36.354+05:30  INFO 95025 --- [pai-service] [main] c.n.discovery.InstanceInfoReplicator     : InstanceInfoReplicator onDemand update allowed rate per min is 4
2026-01-13T22:07:36.356+05:30  INFO 95025 --- [pai-service] [main] com.netflix.discovery.DiscoveryClient    : Discovery Client initialized at timestamp 1768322256356 with initial instances count: 18
2026-01-13T22:07:36.357+05:30  INFO 95025 --- [pai-service] [main] o.s.c.n.e.s.EurekaServiceRegistry        : Registering application PAI-SERVICE with eureka with status UP
2026-01-13T22:07:36.358+05:30  INFO 95025 --- [pai-service] [main] com.netflix.discovery.DiscoveryClient    : Saw local status change event StatusChangeEvent [timestamp=1768322256358, current=UP, previous=STARTING]
2026-01-13T22:07:36.358+05:30  INFO 95025 --- [pai-service] [DiscoveryClient-InstanceInfoReplicator-0] com.netflix.discovery.DiscoveryClient    : DiscoveryClient_PAI-SERVICE/192.168.2.134:pai-service:9020: registering service...
2026-01-13T22:07:36.365+05:30  INFO 95025 --- [pai-service] [main] o.s.b.w.embedded.tomcat.TomcatWebServer  : Tomcat started on port 9020 (http) with context path ''
2026-01-13T22:07:36.366+05:30  INFO 95025 --- [pai-service] [main] .s.c.n.e.s.EurekaAutoServiceRegistration : Updating port to 9020
2026-01-13T22:07:36.375+05:30  INFO 95025 --- [pai-service] [DiscoveryClient-InstanceInfoReplicator-0] com.netflix.discovery.DiscoveryClient    : DiscoveryClient_PAI-SERVICE/192.168.2.134:pai-service:9020 - registration status: 204
2026-01-13T22:07:36.379+05:30  INFO 95025 --- [pai-service] [main] com.nearly.pai.PaiServiceApplication     : Started PaiServiceApplication in 2.306 seconds (process running for 2.451)
2026-01-13T22:07:36.395+05:30 DEBUG 95025 --- [pai-service] [scheduling-1] c.nearly.pai.service.PaiMatchingService  : Cleaned up stale queue entries
2026-01-13T22:07:44.875+05:30  INFO 95025 --- [pai-service] [http-nio-9020-exec-1] o.a.c.c.C.[Tomcat].[localhost].[/]       : Initializing Spring DispatcherServlet 'dispatcherServlet'
2026-01-13T22:07:44.884+05:30  INFO 95025 --- [pai-service] [http-nio-9020-exec-1] o.s.web.servlet.DispatcherServlet        : Initializing Servlet 'dispatcherServlet'
2026-01-13T22:07:44.905+05:30  INFO 95025 --- [pai-service] [http-nio-9020-exec-1] o.s.web.servlet.DispatcherServlet        : Completed initialization in 21 ms
2026-01-13T22:08:06.435+05:30 DEBUG 95025 --- [pai-service] [scheduling-1] c.nearly.pai.service.PaiMatchingService  : Cleaned up stale queue entries
2026-01-13T22:08:36.394+05:30 DEBUG 95025 --- [pai-service] [scheduling-1] c.nearly.pai.service.PaiMatchingService  : Cleaned up stale queue entries
2026-01-13T22:09:06.388+05:30 DEBUG 95025 --- [pai-service] [scheduling-1] c.nearly.pai.service.PaiMatchingService  : Cleaned up stale queue entries
2026-01-13T22:09:36.405+05:30 DEBUG 95025 --- [pai-service] [scheduling-1] c.nearly.pai.service.PaiMatchingService  : Cleaned up stale queue entries
2026-01-13T22:10:06.390+05:30 DEBUG 95025 --- [pai-service] [scheduling-1] c.nearly.pai.service.PaiMatchingService  : Cleaned up stale queue entries
2026-01-13T22:10:36.405+05:30 DEBUG 95025 --- [pai-service] [scheduling-1] c.nearly.pai.service.PaiMatchingService  : Cleaned up stale queue entries
2026-01-13T22:11:06.394+05:30 DEBUG 95025 --- [pai-service] [scheduling-1] c.nearly.pai.service.PaiMatchingService  : Cleaned up stale queue entries
2026-01-13T22:11:36.402+05:30 DEBUG 95025 --- [pai-service] [scheduling-1] c.nearly.pai.service.PaiMatchingService  : Cleaned up stale queue entries
2026-01-13T22:12:06.389+05:30 DEBUG 95025 --- [pai-service] [scheduling-1] c.nearly.pai.service.PaiMatchingService  : Cleaned up stale queue entries
2026-01-13T22:12:36.253+05:30  INFO 95025 --- [pai-service] [AsyncResolver-bootstrap-executor-0] c.n.d.s.r.aws.ConfigClusterResolver      : Resolving eureka endpoints via configuration
2026-01-13T22:12:36.396+05:30 DEBUG 95025 --- [pai-service] [scheduling-1] c.nearly.pai.service.PaiMatchingService  : Cleaned up stale queue entries
2026-01-13T22:13:06.395+05:30 DEBUG 95025 --- [pai-service] [scheduling-1] c.nearly.pai.service.PaiMatchingService  : Cleaned up stale queue entries
2026-01-13T22:13:36.408+05:30 DEBUG 95025 --- [pai-service] [scheduling-1] c.nearly.pai.service.PaiMatchingService  : Cleaned up stale queue entries
2026-01-13T22:14:06.409+05:30 DEBUG 95025 --- [pai-service] [scheduling-1] c.nearly.pai.service.PaiMatchingService  : Cleaned up stale queue entries
2026-01-13T22:14:36.402+05:30 DEBUG 95025 --- [pai-service] [scheduling-1] c.nearly.pai.service.PaiMatchingService  : Cleaned up stale queue entries
2026-01-13T22:15:06.386+05:30 DEBUG 95025 --- [pai-service] [scheduling-1] c.nearly.pai.service.PaiMatchingService  : Cleaned up stale queue entries
2026-01-13T22:15:36.400+05:30 DEBUG 95025 --- [pai-service] [scheduling-1] c.nearly.pai.service.PaiMatchingService  : Cleaned up stale queue entries
2026-01-13T22:16:06.391+05:30 DEBUG 95025 --- [pai-service] [scheduling-1] c.nearly.pai.service.PaiMatchingService  : Cleaned up stale queue entries
2026-01-13T22:16:36.395+05:30 DEBUG 95025 --- [pai-service] [scheduling-1] c.nearly.pai.service.PaiMatchingService  : Cleaned up stale queue entries
2026-01-13T22:17:06.398+05:30 DEBUG 95025 --- [pai-service] [scheduling-1] c.nearly.pai.service.PaiMatchingService  : Cleaned up stale queue entries
2026-01-13T22:17:36.265+05:30  INFO 95025 --- [pai-service] [AsyncResolver-bootstrap-executor-0] c.n.d.s.r.aws.ConfigClusterResolver      : Resolving eureka endpoints via configuration
2026-01-13T22:17:36.395+05:30 DEBUG 95025 --- [pai-service] [scheduling-1] c.nearly.pai.service.PaiMatchingService  : Cleaned up stale queue entries
2026-01-13T22:18:06.396+05:30 DEBUG 95025 --- [pai-service] [scheduling-1] c.nearly.pai.service.PaiMatchingService  : Cleaned up stale queue entries
2026-01-13T22:18:36.402+05:30 DEBUG 95025 --- [pai-service] [scheduling-1] c.nearly.pai.service.PaiMatchingService  : Cleaned up stale queue entries
2026-01-13T22:19:06.393+05:30 DEBUG 95025 --- [pai-service] [scheduling-1] c.nearly.pai.service.PaiMatchingService  : Cleaned up stale queue entries
2026-01-13T22:19:36.401+05:30 DEBUG 95025 --- [pai-service] [scheduling-1] c.nearly.pai.service.PaiMatchingService  : Cleaned up stale queue entries
2026-01-13T22:20:06.397+05:30 DEBUG 95025 --- [pai-service] [scheduling-1] c.nearly.pai.service.PaiMatchingService  : Cleaned up stale queue entries
2026-01-13T22:20:36.400+05:30 DEBUG 95025 --- [pai-service] [scheduling-1] c.nearly.pai.service.PaiMatchingService  : Cleaned up stale queue entries
2026-01-13T22:21:06.406+05:30 DEBUG 95025 --- [pai-service] [scheduling-1] c.nearly.pai.service.PaiMatchingService  : Cleaned up stale queue entries
2026-01-13T22:21:36.417+05:30 DEBUG 95025 --- [pai-service] [scheduling-1] c.nearly.pai.service.PaiMatchingService  : Cleaned up stale queue entries
2026-01-13T22:22:07.575+05:30 DEBUG 95025 --- [pai-service] [scheduling-1] c.nearly.pai.service.PaiMatchingService  : Cleaned up stale queue entries
2026-01-13T22:22:36.277+05:30  INFO 95025 --- [pai-service] [AsyncResolver-bootstrap-executor-0] c.n.d.s.r.aws.ConfigClusterResolver      : Resolving eureka endpoints via configuration
2026-01-13T22:22:36.424+05:30 DEBUG 95025 --- [pai-service] [scheduling-1] c.nearly.pai.service.PaiMatchingService  : Cleaned up stale queue entries
2026-01-13T22:23:06.437+05:30 DEBUG 95025 --- [pai-service] [scheduling-1] c.nearly.pai.service.PaiMatchingService  : Cleaned up stale queue entries
2026-01-13T22:23:36.438+05:30 DEBUG 95025 --- [pai-service] [scheduling-1] c.nearly.pai.service.PaiMatchingService  : Cleaned up stale queue entries
2026-01-13T22:24:06.436+05:30 DEBUG 95025 --- [pai-service] [scheduling-1] c.nearly.pai.service.PaiMatchingService  : Cleaned up stale queue entries
2026-01-13T22:24:36.423+05:30 DEBUG 95025 --- [pai-service] [scheduling-1] c.nearly.pai.service.PaiMatchingService  : Cleaned up stale queue entries
2026-01-13T22:25:06.412+05:30 DEBUG 95025 --- [pai-service] [scheduling-1] c.nearly.pai.service.PaiMatchingService  : Cleaned up stale queue entries
2026-01-13T22:25:36.408+05:30 DEBUG 95025 --- [pai-service] [scheduling-1] c.nearly.pai.service.PaiMatchingService  : Cleaned up stale queue entries
2026-01-13T22:26:06.471+05:30 DEBUG 95025 --- [pai-service] [scheduling-1] c.nearly.pai.service.PaiMatchingService  : Cleaned up stale queue entries
2026-01-13T22:26:36.411+05:30 DEBUG 95025 --- [pai-service] [scheduling-1] c.nearly.pai.service.PaiMatchingService  : Cleaned up stale queue entries
2026-01-13T22:27:06.413+05:30 DEBUG 95025 --- [pai-service] [scheduling-1] c.nearly.pai.service.PaiMatchingService  : Cleaned up stale queue entries
2026-01-13T22:27:36.307+05:30  INFO 95025 --- [pai-service] [AsyncResolver-bootstrap-executor-0] c.n.d.s.r.aws.ConfigClusterResolver      : Resolving eureka endpoints via configuration
2026-01-13T22:27:36.497+05:30 DEBUG 95025 --- [pai-service] [scheduling-1] c.nearly.pai.service.PaiMatchingService  : Cleaned up stale queue entries
2026-01-13T22:28:06.969+05:30 DEBUG 95025 --- [pai-service] [scheduling-1] c.nearly.pai.service.PaiMatchingService  : Cleaned up stale queue entries
2026-01-13T22:28:36.420+05:30 DEBUG 95025 --- [pai-service] [scheduling-1] c.nearly.pai.service.PaiMatchingService  : Cleaned up stale queue entries
2026-01-13T22:29:06.403+05:30 DEBUG 95025 --- [pai-service] [scheduling-1] c.nearly.pai.service.PaiMatchingService  : Cleaned up stale queue entries
2026-01-13T22:29:36.421+05:30 DEBUG 95025 --- [pai-service] [scheduling-1] c.nearly.pai.service.PaiMatchingService  : Cleaned up stale queue entries
2026-01-13T22:30:06.414+05:30 DEBUG 95025 --- [pai-service] [scheduling-1] c.nearly.pai.service.PaiMatchingService  : Cleaned up stale queue entries
2026-01-13T22:30:36.411+05:30 DEBUG 95025 --- [pai-service] [scheduling-1] c.nearly.pai.service.PaiMatchingService  : Cleaned up stale queue entries
2026-01-13T22:31:06.407+05:30 DEBUG 95025 --- [pai-service] [scheduling-1] c.nearly.pai.service.PaiMatchingService  : Cleaned up stale queue entries
2026-01-13T22:31:36.401+05:30 DEBUG 95025 --- [pai-service] [scheduling-1] c.nearly.pai.service.PaiMatchingService  : Cleaned up stale queue entries
2026-01-13T22:32:06.449+05:30 DEBUG 95025 --- [pai-service] [scheduling-1] c.nearly.pai.service.PaiMatchingService  : Cleaned up stale queue entries
2026-01-13T22:32:36.371+05:30  INFO 95025 --- [pai-service] [AsyncResolver-bootstrap-executor-0] c.n.d.s.r.aws.ConfigClusterResolver      : Resolving eureka endpoints via configuration
2026-01-13T22:32:36.413+05:30 DEBUG 95025 --- [pai-service] [scheduling-1] c.nearly.pai.service.PaiMatchingService  : Cleaned up stale queue entries
2026-01-13T22:33:06.420+05:30 DEBUG 95025 --- [pai-service] [scheduling-1] c.nearly.pai.service.PaiMatchingService  : Cleaned up stale queue entries
2026-01-13T22:33:36.411+05:30 DEBUG 95025 --- [pai-service] [scheduling-1] c.nearly.pai.service.PaiMatchingService  : Cleaned up stale queue entries
2026-01-13T22:34:06.419+05:30 DEBUG 95025 --- [pai-service] [scheduling-1] c.nearly.pai.service.PaiMatchingService  : Cleaned up stale queue entries
2026-01-13T22:34:36.425+05:30 DEBUG 95025 --- [pai-service] [scheduling-1] c.nearly.pai.service.PaiMatchingService  : Cleaned up stale queue entries
2026-01-13T22:35:06.414+05:30 DEBUG 95025 --- [pai-service] [scheduling-1] c.nearly.pai.service.PaiMatchingService  : Cleaned up stale queue entries
2026-01-13T22:35:36.407+05:30 DEBUG 95025 --- [pai-service] [scheduling-1] c.nearly.pai.service.PaiMatchingService  : Cleaned up stale queue entries
2026-01-13T22:36:06.428+05:30 DEBUG 95025 --- [pai-service] [scheduling-1] c.nearly.pai.service.PaiMatchingService  : Cleaned up stale queue entries
2026-01-13T22:36:36.421+05:30 DEBUG 95025 --- [pai-service] [scheduling-1] c.nearly.pai.service.PaiMatchingService  : Cleaned up stale queue entries
2026-01-13T22:37:06.426+05:30 DEBUG 95025 --- [pai-service] [scheduling-1] c.nearly.pai.service.PaiMatchingService  : Cleaned up stale queue entries
2026-01-13T22:37:36.381+05:30  INFO 95025 --- [pai-service] [AsyncResolver-bootstrap-executor-0] c.n.d.s.r.aws.ConfigClusterResolver      : Resolving eureka endpoints via configuration
2026-01-13T22:37:36.407+05:30 DEBUG 95025 --- [pai-service] [scheduling-1] c.nearly.pai.service.PaiMatchingService  : Cleaned up stale queue entries
2026-01-13T22:38:06.427+05:30 DEBUG 95025 --- [pai-service] [scheduling-1] c.nearly.pai.service.PaiMatchingService  : Cleaned up stale queue entries
2026-01-13T22:38:36.438+05:30 DEBUG 95025 --- [pai-service] [scheduling-1] c.nearly.pai.service.PaiMatchingService  : Cleaned up stale queue entries
2026-01-13T22:39:06.416+05:30 DEBUG 95025 --- [pai-service] [scheduling-1] c.nearly.pai.service.PaiMatchingService  : Cleaned up stale queue entries
2026-01-13T22:39:36.434+05:30 DEBUG 95025 --- [pai-service] [scheduling-1] c.nearly.pai.service.PaiMatchingService  : Cleaned up stale queue entries
2026-01-13T22:40:06.428+05:30 DEBUG 95025 --- [pai-service] [scheduling-1] c.nearly.pai.service.PaiMatchingService  : Cleaned up stale queue entries
2026-01-13T22:40:36.419+05:30 DEBUG 95025 --- [pai-service] [scheduling-1] c.nearly.pai.service.PaiMatchingService  : Cleaned up stale queue entries
2026-01-13T22:41:06.423+05:30 DEBUG 95025 --- [pai-service] [scheduling-1] c.nearly.pai.service.PaiMatchingService  : Cleaned up stale queue entries
2026-01-13T22:41:36.408+05:30 DEBUG 95025 --- [pai-service] [scheduling-1] c.nearly.pai.service.PaiMatchingService  : Cleaned up stale queue entries
2026-01-13T22:42:06.424+05:30 DEBUG 95025 --- [pai-service] [scheduling-1] c.nearly.pai.service.PaiMatchingService  : Cleaned up stale queue entries
2026-01-13T22:42:36.397+05:30  INFO 95025 --- [pai-service] [AsyncResolver-bootstrap-executor-0] c.n.d.s.r.aws.ConfigClusterResolver      : Resolving eureka endpoints via configuration
2026-01-13T22:42:36.408+05:30 DEBUG 95025 --- [pai-service] [scheduling-1] c.nearly.pai.service.PaiMatchingService  : Cleaned up stale queue entries
2026-01-13T22:43:06.428+05:30 DEBUG 95025 --- [pai-service] [scheduling-1] c.nearly.pai.service.PaiMatchingService  : Cleaned up stale queue entries
2026-01-13T22:43:36.427+05:30 DEBUG 95025 --- [pai-service] [scheduling-1] c.nearly.pai.service.PaiMatchingService  : Cleaned up stale queue entries
2026-01-13T22:44:06.423+05:30 DEBUG 95025 --- [pai-service] [scheduling-1] c.nearly.pai.service.PaiMatchingService  : Cleaned up stale queue entries
2026-01-13T22:44:36.415+05:30 DEBUG 95025 --- [pai-service] [scheduling-1] c.nearly.pai.service.PaiMatchingService  : Cleaned up stale queue entries
2026-01-13T22:45:06.421+05:30 DEBUG 95025 --- [pai-service] [scheduling-1] c.nearly.pai.service.PaiMatchingService  : Cleaned up stale queue entries
2026-01-13T22:45:36.414+05:30 DEBUG 95025 --- [pai-service] [scheduling-1] c.nearly.pai.service.PaiMatchingService  : Cleaned up stale queue entries
2026-01-13T22:46:06.436+05:30 DEBUG 95025 --- [pai-service] [scheduling-1] c.nearly.pai.service.PaiMatchingService  : Cleaned up stale queue entries
2026-01-13T22:46:36.415+05:30 DEBUG 95025 --- [pai-service] [scheduling-1] c.nearly.pai.service.PaiMatchingService  : Cleaned up stale queue entries
2026-01-13T22:47:06.435+05:30 DEBUG 95025 --- [pai-service] [scheduling-1] c.nearly.pai.service.PaiMatchingService  : Cleaned up stale queue entries
2026-01-13T22:47:36.412+05:30  INFO 95025 --- [pai-service] [AsyncResolver-bootstrap-executor-0] c.n.d.s.r.aws.ConfigClusterResolver      : Resolving eureka endpoints via configuration
2026-01-13T22:47:36.432+05:30 DEBUG 95025 --- [pai-service] [scheduling-1] c.nearly.pai.service.PaiMatchingService  : Cleaned up stale queue entries
2026-01-13T22:48:06.431+05:30 DEBUG 95025 --- [pai-service] [scheduling-1] c.nearly.pai.service.PaiMatchingService  : Cleaned up stale queue entries
2026-01-13T22:48:36.430+05:30 DEBUG 95025 --- [pai-service] [scheduling-1] c.nearly.pai.service.PaiMatchingService  : Cleaned up stale queue entries
2026-01-13T22:49:06.415+05:30 DEBUG 95025 --- [pai-service] [scheduling-1] c.nearly.pai.service.PaiMatchingService  : Cleaned up stale queue entries
2026-01-13T22:49:36.414+05:30 DEBUG 95025 --- [pai-service] [scheduling-1] c.nearly.pai.service.PaiMatchingService  : Cleaned up stale queue entries
2026-01-13T22:50:06.433+05:30 DEBUG 95025 --- [pai-service] [scheduling-1] c.nearly.pai.service.PaiMatchingService  : Cleaned up stale queue entries
2026-01-13T22:50:36.432+05:30 DEBUG 95025 --- [pai-service] [scheduling-1] c.nearly.pai.service.PaiMatchingService  : Cleaned up stale queue entries
2026-01-13T22:51:06.461+05:30 DEBUG 95025 --- [pai-service] [scheduling-1] c.nearly.pai.service.PaiMatchingService  : Cleaned up stale queue entries
2026-01-13T22:51:36.417+05:30 DEBUG 95025 --- [pai-service] [scheduling-1] c.nearly.pai.service.PaiMatchingService  : Cleaned up stale queue entries
2026-01-13T22:52:06.428+05:30 DEBUG 95025 --- [pai-service] [scheduling-1] c.nearly.pai.service.PaiMatchingService  : Cleaned up stale queue entries
2026-01-13T22:52:36.420+05:30 DEBUG 95025 --- [pai-service] [scheduling-1] c.nearly.pai.service.PaiMatchingService  : Cleaned up stale queue entries
2026-01-13T22:52:36.433+05:30  INFO 95025 --- [pai-service] [AsyncResolver-bootstrap-executor-0] c.n.d.s.r.aws.ConfigClusterResolver      : Resolving eureka endpoints via configuration
2026-01-13T22:53:06.491+05:30 DEBUG 95025 --- [pai-service] [scheduling-1] c.nearly.pai.service.PaiMatchingService  : Cleaned up stale queue entries
2026-01-13T22:53:36.423+05:30 DEBUG 95025 --- [pai-service] [scheduling-1] c.nearly.pai.service.PaiMatchingService  : Cleaned up stale queue entries
2026-01-13T22:54:06.426+05:30 DEBUG 95025 --- [pai-service] [scheduling-1] c.nearly.pai.service.PaiMatchingService  : Cleaned up stale queue entries
2026-01-13T22:54:36.465+05:30 DEBUG 95025 --- [pai-service] [scheduling-1] c.nearly.pai.service.PaiMatchingService  : Cleaned up stale queue entries
2026-01-13T22:55:06.444+05:30 DEBUG 95025 --- [pai-service] [scheduling-1] c.nearly.pai.service.PaiMatchingService  : Cleaned up stale queue entries
2026-01-13T22:55:36.424+05:30 DEBUG 95025 --- [pai-service] [scheduling-1] c.nearly.pai.service.PaiMatchingService  : Cleaned up stale queue entries
2026-01-13T22:56:06.430+05:30 DEBUG 95025 --- [pai-service] [scheduling-1] c.nearly.pai.service.PaiMatchingService  : Cleaned up stale queue entries
2026-01-13T22:56:36.428+05:30 DEBUG 95025 --- [pai-service] [scheduling-1] c.nearly.pai.service.PaiMatchingService  : Cleaned up stale queue entries
2026-01-13T22:57:06.435+05:30 DEBUG 95025 --- [pai-service] [scheduling-1] c.nearly.pai.service.PaiMatchingService  : Cleaned up stale queue entries
2026-01-13T22:57:36.434+05:30 DEBUG 95025 --- [pai-service] [scheduling-1] c.nearly.pai.service.PaiMatchingService  : Cleaned up stale queue entries
2026-01-13T22:57:36.446+05:30  INFO 95025 --- [pai-service] [AsyncResolver-bootstrap-executor-0] c.n.d.s.r.aws.ConfigClusterResolver      : Resolving eureka endpoints via configuration
2026-01-13T22:58:06.460+05:30 DEBUG 95025 --- [pai-service] [scheduling-1] c.nearly.pai.service.PaiMatchingService  : Cleaned up stale queue entries
2026-01-13T22:58:36.458+05:30 DEBUG 95025 --- [pai-service] [scheduling-1] c.nearly.pai.service.PaiMatchingService  : Cleaned up stale queue entries
2026-01-13T22:59:06.559+05:30 DEBUG 95025 --- [pai-service] [scheduling-1] c.nearly.pai.service.PaiMatchingService  : Cleaned up stale queue entries
2026-01-13T22:59:36.428+05:30 DEBUG 95025 --- [pai-service] [scheduling-1] c.nearly.pai.service.PaiMatchingService  : Cleaned up stale queue entries
2026-01-13T23:00:06.441+05:30 DEBUG 95025 --- [pai-service] [scheduling-1] c.nearly.pai.service.PaiMatchingService  : Cleaned up stale queue entries
2026-01-13T23:00:36.427+05:30 DEBUG 95025 --- [pai-service] [scheduling-1] c.nearly.pai.service.PaiMatchingService  : Cleaned up stale queue entries
2026-01-13T23:01:06.431+05:30 DEBUG 95025 --- [pai-service] [scheduling-1] c.nearly.pai.service.PaiMatchingService  : Cleaned up stale queue entries
2026-01-13T23:01:36.438+05:30 DEBUG 95025 --- [pai-service] [scheduling-1] c.nearly.pai.service.PaiMatchingService  : Cleaned up stale queue entries
2026-01-13T23:02:06.445+05:30 DEBUG 95025 --- [pai-service] [scheduling-1] c.nearly.pai.service.PaiMatchingService  : Cleaned up stale queue entries
2026-01-13T23:02:36.444+05:30 DEBUG 95025 --- [pai-service] [scheduling-1] c.nearly.pai.service.PaiMatchingService  : Cleaned up stale queue entries
2026-01-13T23:02:36.454+05:30  INFO 95025 --- [pai-service] [AsyncResolver-bootstrap-executor-0] c.n.d.s.r.aws.ConfigClusterResolver      : Resolving eureka endpoints via configuration
2026-01-13T23:03:06.445+05:30 DEBUG 95025 --- [pai-service] [scheduling-1] c.nearly.pai.service.PaiMatchingService  : Cleaned up stale queue entries
2026-01-13T23:03:36.430+05:30 DEBUG 95025 --- [pai-service] [scheduling-1] c.nearly.pai.service.PaiMatchingService  : Cleaned up stale queue entries
2026-01-13T23:04:06.477+05:30 DEBUG 95025 --- [pai-service] [scheduling-1] c.nearly.pai.service.PaiMatchingService  : Cleaned up stale queue entries
2026-01-13T23:04:36.433+05:30 DEBUG 95025 --- [pai-service] [scheduling-1] c.nearly.pai.service.PaiMatchingService  : Cleaned up stale queue entries
2026-01-13T23:05:06.449+05:30 DEBUG 95025 --- [pai-service] [scheduling-1] c.nearly.pai.service.PaiMatchingService  : Cleaned up stale queue entries
2026-01-13T23:05:36.440+05:30 DEBUG 95025 --- [pai-service] [scheduling-1] c.nearly.pai.service.PaiMatchingService  : Cleaned up stale queue entries
2026-01-13T23:06:06.443+05:30 DEBUG 95025 --- [pai-service] [scheduling-1] c.nearly.pai.service.PaiMatchingService  : Cleaned up stale queue entries
2026-01-13T23:06:36.437+05:30 DEBUG 95025 --- [pai-service] [scheduling-1] c.nearly.pai.service.PaiMatchingService  : Cleaned up stale queue entries
2026-01-13T23:07:06.454+05:30 DEBUG 95025 --- [pai-service] [scheduling-1] c.nearly.pai.service.PaiMatchingService  : Cleaned up stale queue entries
2026-01-13T23:07:36.435+05:30 DEBUG 95025 --- [pai-service] [scheduling-1] c.nearly.pai.service.PaiMatchingService  : Cleaned up stale queue entries
2026-01-13T23:07:36.462+05:30  INFO 95025 --- [pai-service] [AsyncResolver-bootstrap-executor-0] c.n.d.s.r.aws.ConfigClusterResolver      : Resolving eureka endpoints via configuration
2026-01-13T23:08:06.443+05:30 DEBUG 95025 --- [pai-service] [scheduling-1] c.nearly.pai.service.PaiMatchingService  : Cleaned up stale queue entries
2026-01-13T23:08:36.623+05:30 DEBUG 95025 --- [pai-service] [scheduling-1] c.nearly.pai.service.PaiMatchingService  : Cleaned up stale queue entries
2026-01-13T23:09:06.442+05:30 DEBUG 95025 --- [pai-service] [scheduling-1] c.nearly.pai.service.PaiMatchingService  : Cleaned up stale queue entries
2026-01-13T23:09:36.443+05:30 DEBUG 95025 --- [pai-service] [scheduling-1] c.nearly.pai.service.PaiMatchingService  : Cleaned up stale queue entries
2026-01-13T23:10:06.446+05:30 DEBUG 95025 --- [pai-service] [scheduling-1] c.nearly.pai.service.PaiMatchingService  : Cleaned up stale queue entries
2026-01-13T23:10:36.447+05:30 DEBUG 95025 --- [pai-service] [scheduling-1] c.nearly.pai.service.PaiMatchingService  : Cleaned up stale queue entries
2026-01-13T23:11:06.474+05:30 DEBUG 95025 --- [pai-service] [scheduling-1] c.nearly.pai.service.PaiMatchingService  : Cleaned up stale queue entries
2026-01-13T23:11:36.438+05:30 DEBUG 95025 --- [pai-service] [scheduling-1] c.nearly.pai.service.PaiMatchingService  : Cleaned up stale queue entries
2026-01-13T23:12:06.456+05:30 DEBUG 95025 --- [pai-service] [scheduling-1] c.nearly.pai.service.PaiMatchingService  : Cleaned up stale queue entries
2026-01-13T23:12:36.448+05:30 DEBUG 95025 --- [pai-service] [scheduling-1] c.nearly.pai.service.PaiMatchingService  : Cleaned up stale queue entries
2026-01-13T23:12:36.473+05:30  INFO 95025 --- [pai-service] [AsyncResolver-bootstrap-executor-0] c.n.d.s.r.aws.ConfigClusterResolver      : Resolving eureka endpoints via configuration
2026-01-13T23:13:06.452+05:30 DEBUG 95025 --- [pai-service] [scheduling-1] c.nearly.pai.service.PaiMatchingService  : Cleaned up stale queue entries
2026-01-13T23:13:36.439+05:30 DEBUG 95025 --- [pai-service] [scheduling-1] c.nearly.pai.service.PaiMatchingService  : Cleaned up stale queue entries
2026-01-13T23:14:06.454+05:30 DEBUG 95025 --- [pai-service] [scheduling-1] c.nearly.pai.service.PaiMatchingService  : Cleaned up stale queue entries
2026-01-13T23:14:36.464+05:30 DEBUG 95025 --- [pai-service] [scheduling-1] c.nearly.pai.service.PaiMatchingService  : Cleaned up stale queue entries
2026-01-13T23:15:06.463+05:30 DEBUG 95025 --- [pai-service] [scheduling-1] c.nearly.pai.service.PaiMatchingService  : Cleaned up stale queue entries
2026-01-13T23:15:36.444+05:30 DEBUG 95025 --- [pai-service] [scheduling-1] c.nearly.pai.service.PaiMatchingService  : Cleaned up stale queue entries
2026-01-13T23:16:06.442+05:30 DEBUG 95025 --- [pai-service] [scheduling-1] c.nearly.pai.service.PaiMatchingService  : Cleaned up stale queue entries
2026-01-13T23:16:36.442+05:30 DEBUG 95025 --- [pai-service] [scheduling-1] c.nearly.pai.service.PaiMatchingService  : Cleaned up stale queue entries
2026-01-13T23:17:06.458+05:30 DEBUG 95025 --- [pai-service] [scheduling-1] c.nearly.pai.service.PaiMatchingService  : Cleaned up stale queue entries
2026-01-13T23:17:36.501+05:30  INFO 95025 --- [pai-service] [AsyncResolver-bootstrap-executor-0] c.n.d.s.r.aws.ConfigClusterResolver      : Resolving eureka endpoints via configuration
2026-01-13T23:17:36.563+05:30 DEBUG 95025 --- [pai-service] [scheduling-1] c.nearly.pai.service.PaiMatchingService  : Cleaned up stale queue entries
2026-01-13T23:18:06.450+05:30 DEBUG 95025 --- [pai-service] [scheduling-1] c.nearly.pai.service.PaiMatchingService  : Cleaned up stale queue entries
2026-01-13T23:18:36.445+05:30 DEBUG 95025 --- [pai-service] [scheduling-1] c.nearly.pai.service.PaiMatchingService  : Cleaned up stale queue entries
2026-01-13T23:19:06.451+05:30 DEBUG 95025 --- [pai-service] [scheduling-1] c.nearly.pai.service.PaiMatchingService  : Cleaned up stale queue entries
2026-01-13T23:19:36.610+05:30 DEBUG 95025 --- [pai-service] [scheduling-1] c.nearly.pai.service.PaiMatchingService  : Cleaned up stale queue entries
2026-01-13T23:20:06.450+05:30 DEBUG 95025 --- [pai-service] [scheduling-1] c.nearly.pai.service.PaiMatchingService  : Cleaned up stale queue entries
2026-01-13T23:20:36.443+05:30 DEBUG 95025 --- [pai-service] [scheduling-1] c.nearly.pai.service.PaiMatchingService  : Cleaned up stale queue entries
2026-01-13T23:21:06.445+05:30 DEBUG 95025 --- [pai-service] [scheduling-1] c.nearly.pai.service.PaiMatchingService  : Cleaned up stale queue entries
2026-01-13T23:21:36.457+05:30 DEBUG 95025 --- [pai-service] [scheduling-1] c.nearly.pai.service.PaiMatchingService  : Cleaned up stale queue entries
2026-01-13T23:22:06.457+05:30 DEBUG 95025 --- [pai-service] [scheduling-1] c.nearly.pai.service.PaiMatchingService  : Cleaned up stale queue entries
2026-01-13T23:22:36.448+05:30 DEBUG 95025 --- [pai-service] [scheduling-1] c.nearly.pai.service.PaiMatchingService  : Cleaned up stale queue entries
2026-01-13T23:22:36.524+05:30  INFO 95025 --- [pai-service] [AsyncResolver-bootstrap-executor-0] c.n.d.s.r.aws.ConfigClusterResolver      : Resolving eureka endpoints via configuration
2026-01-13T23:23:06.388+05:30 DEBUG 95025 --- [pai-service] [scheduling-1] c.nearly.pai.service.PaiMatchingService  : Cleaned up stale queue entries
2026-01-13T23:23:36.826+05:30 DEBUG 95025 --- [pai-service] [scheduling-1] c.nearly.pai.service.PaiMatchingService  : Cleaned up stale queue entries
2026-01-13T23:24:06.386+05:30 DEBUG 95025 --- [pai-service] [scheduling-1] c.nearly.pai.service.PaiMatchingService  : Cleaned up stale queue entries
2026-01-13T23:24:36.381+05:30 DEBUG 95025 --- [pai-service] [scheduling-1] c.nearly.pai.service.PaiMatchingService  : Cleaned up stale queue entries
2026-01-13T23:25:06.386+05:30 DEBUG 95025 --- [pai-service] [scheduling-1] c.nearly.pai.service.PaiMatchingService  : Cleaned up stale queue entries
2026-01-13T23:25:36.381+05:30 DEBUG 95025 --- [pai-service] [scheduling-1] c.nearly.pai.service.PaiMatchingService  : Cleaned up stale queue entries
2026-01-13T23:26:06.386+05:30 DEBUG 95025 --- [pai-service] [scheduling-1] c.nearly.pai.service.PaiMatchingService  : Cleaned up stale queue entries
2026-01-13T23:26:36.370+05:30 DEBUG 95025 --- [pai-service] [scheduling-1] c.nearly.pai.service.PaiMatchingService  : Cleaned up stale queue entries
2026-01-13T23:27:06.376+05:30 DEBUG 95025 --- [pai-service] [scheduling-1] c.nearly.pai.service.PaiMatchingService  : Cleaned up stale queue entries
2026-01-13T23:27:36.371+05:30 DEBUG 95025 --- [pai-service] [scheduling-1] c.nearly.pai.service.PaiMatchingService  : Cleaned up stale queue entries
2026-01-13T23:27:36.456+05:30  INFO 95025 --- [pai-service] [AsyncResolver-bootstrap-executor-0] c.n.d.s.r.aws.ConfigClusterResolver      : Resolving eureka endpoints via configuration
2026-01-13T23:28:06.384+05:30 DEBUG 95025 --- [pai-service] [scheduling-1] c.nearly.pai.service.PaiMatchingService  : Cleaned up stale queue entries
2026-01-13T23:28:36.374+05:30 DEBUG 95025 --- [pai-service] [scheduling-1] c.nearly.pai.service.PaiMatchingService  : Cleaned up stale queue entries
2026-01-13T23:29:06.371+05:30 DEBUG 95025 --- [pai-service] [scheduling-1] c.nearly.pai.service.PaiMatchingService  : Cleaned up stale queue entries
2026-01-13T23:29:36.377+05:30 DEBUG 95025 --- [pai-service] [scheduling-1] c.nearly.pai.service.PaiMatchingService  : Cleaned up stale queue entries
2026-01-13T23:30:06.369+05:30 DEBUG 95025 --- [pai-service] [scheduling-1] c.nearly.pai.service.PaiMatchingService  : Cleaned up stale queue entries
2026-01-13T23:30:36.391+05:30 DEBUG 95025 --- [pai-service] [scheduling-1] c.nearly.pai.service.PaiMatchingService  : Cleaned up stale queue entries
2026-01-13T23:31:06.371+05:30 DEBUG 95025 --- [pai-service] [scheduling-1] c.nearly.pai.service.PaiMatchingService  : Cleaned up stale queue entries
2026-01-13T23:31:36.377+05:30 DEBUG 95025 --- [pai-service] [scheduling-1] c.nearly.pai.service.PaiMatchingService  : Cleaned up stale queue entries
2026-01-13T23:32:06.368+05:30 DEBUG 95025 --- [pai-service] [scheduling-1] c.nearly.pai.service.PaiMatchingService  : Cleaned up stale queue entries
2026-01-13T23:32:36.374+05:30 DEBUG 95025 --- [pai-service] [scheduling-1] c.nearly.pai.service.PaiMatchingService  : Cleaned up stale queue entries
2026-01-13T23:32:36.464+05:30  INFO 95025 --- [pai-service] [AsyncResolver-bootstrap-executor-0] c.n.d.s.r.aws.ConfigClusterResolver      : Resolving eureka endpoints via configuration
2026-01-13T23:33:06.380+05:30 DEBUG 95025 --- [pai-service] [scheduling-1] c.nearly.pai.service.PaiMatchingService  : Cleaned up stale queue entries
2026-01-13T23:33:36.373+05:30 DEBUG 95025 --- [pai-service] [scheduling-1] c.nearly.pai.service.PaiMatchingService  : Cleaned up stale queue entries
2026-01-13T23:34:06.375+05:30 DEBUG 95025 --- [pai-service] [scheduling-1] c.nearly.pai.service.PaiMatchingService  : Cleaned up stale queue entries
2026-01-13T23:34:36.374+05:30 DEBUG 95025 --- [pai-service] [scheduling-1] c.nearly.pai.service.PaiMatchingService  : Cleaned up stale queue entries
2026-01-13T23:35:06.368+05:30 DEBUG 95025 --- [pai-service] [scheduling-1] c.nearly.pai.service.PaiMatchingService  : Cleaned up stale queue entries
2026-01-13T23:35:36.384+05:30 DEBUG 95025 --- [pai-service] [scheduling-1] c.nearly.pai.service.PaiMatchingService  : Cleaned up stale queue entries
2026-01-13T23:36:06.381+05:30 DEBUG 95025 --- [pai-service] [scheduling-1] c.nearly.pai.service.PaiMatchingService  : Cleaned up stale queue entries
2026-01-13T23:36:36.447+05:30 DEBUG 95025 --- [pai-service] [scheduling-1] c.nearly.pai.service.PaiMatchingService  : Cleaned up stale queue entries
2026-01-13T23:37:06.368+05:30 DEBUG 95025 --- [pai-service] [scheduling-1] c.nearly.pai.service.PaiMatchingService  : Cleaned up stale queue entries
2026-01-13T23:37:32.374+05:30  INFO 95025 --- [pai-service] [SpringApplicationShutdownHook] o.s.c.n.e.s.EurekaServiceRegistry        : Unregistering application PAI-SERVICE with eureka with status DOWN
2026-01-13T23:37:32.377+05:30  INFO 95025 --- [pai-service] [SpringApplicationShutdownHook] com.netflix.discovery.DiscoveryClient    : Saw local status change event StatusChangeEvent [timestamp=1768327652377, current=DOWN, previous=UP]
2026-01-13T23:37:32.380+05:30  INFO 95025 --- [pai-service] [DiscoveryClient-InstanceInfoReplicator-0] com.netflix.discovery.DiscoveryClient    : DiscoveryClient_PAI-SERVICE/192.168.2.134:pai-service:9020: registering service...
2026-01-13T23:37:32.443+05:30  INFO 95025 --- [pai-service] [DiscoveryClient-InstanceInfoReplicator-0] com.netflix.discovery.DiscoveryClient    : DiscoveryClient_PAI-SERVICE/192.168.2.134:pai-service:9020 - registration status: 204
2026-01-13T23:37:32.706+05:30  INFO 95025 --- [pai-service] [SpringApplicationShutdownHook] com.netflix.discovery.DiscoveryClient    : Shutting down DiscoveryClient ...
2026-01-13T23:37:35.711+05:30  INFO 95025 --- [pai-service] [SpringApplicationShutdownHook] com.netflix.discovery.DiscoveryClient    : Unregistering ...
2026-01-13T23:37:35.726+05:30  INFO 95025 --- [pai-service] [SpringApplicationShutdownHook] com.netflix.discovery.DiscoveryClient    : DiscoveryClient_PAI-SERVICE/192.168.2.134:pai-service:9020 - deregister  status: 200
2026-01-13T23:37:35.736+05:30  INFO 95025 --- [pai-service] [SpringApplicationShutdownHook] com.netflix.discovery.DiscoveryClient    : Completed shut down of DiscoveryClient
