2026-01-14T00:00:24.766+05:30  INFO 51956 --- [api-gateway] [reactor-http-nio-8] c.n.gateway.filter.RequestLoggingFilter  : Incoming request: [812120e5-5e20-4e83-84b6-408788b80312] POST /api/auth/login from 0:0:0:0:0:0:0:1
2026-01-14T00:00:24.817+05:30 DEBUG 51956 --- [api-gateway] [reactor-http-nio-8] c.n.gateway.filter.AuthenticationFilter  : AuthenticationFilter processing: POST /api/auth/login
2026-01-14T00:00:24.817+05:30 DEBUG 51956 --- [api-gateway] [reactor-http-nio-8] c.n.gateway.filter.AuthenticationFilter  : Public path, skipping authentication: /api/auth/login
2026-01-14T00:00:26.061+05:30  INFO 51956 --- [api-gateway] [reactor-http-nio-8] c.n.gateway.filter.RequestLoggingFilter  : Request completed: [812120e5-5e20-4e83-84b6-408788b80312] POST /api/auth/login - Status: 200 OK - Duration: 1295ms
2026-01-14T00:00:26.270+05:30  INFO 51956 --- [api-gateway] [reactor-http-nio-4] c.n.gateway.filter.RequestLoggingFilter  : Incoming request: [42265a09-1b06-4edd-b3c1-452c5102087c] GET /api/activities from 0:0:0:0:0:0:0:1
2026-01-14T00:00:26.270+05:30  INFO 51956 --- [api-gateway] [reactor-http-nio-3] c.n.gateway.filter.RequestLoggingFilter  : Incoming request: [2f376621-21f8-4d9d-b067-4a43d3907a72] GET /api/users/69657415cf0c416da3129aea from 0:0:0:0:0:0:0:1
2026-01-14T00:00:26.321+05:30 DEBUG 51956 --- [api-gateway] [reactor-http-nio-4] c.n.gateway.filter.AuthenticationFilter  : AuthenticationFilter processing: GET /api/activities
2026-01-14T00:00:26.319+05:30 DEBUG 51956 --- [api-gateway] [reactor-http-nio-3] c.n.gateway.filter.AuthenticationFilter  : AuthenticationFilter processing: GET /api/users/69657415cf0c416da3129aea
2026-01-14T00:00:26.330+05:30  WARN 51956 --- [api-gateway] [reactor-http-nio-3] com.nearly.gateway.util.JwtUtil          : Invalid JWT signature: JWT signature does not match locally computed signature. JWT validity cannot be asserted and should not be trusted.
2026-01-14T00:00:26.330+05:30  WARN 51956 --- [api-gateway] [reactor-http-nio-3] c.n.gateway.filter.AuthenticationFilter  : Invalid or expired token for path: /api/users/69657415cf0c416da3129aea
2026-01-14T00:00:26.330+05:30  WARN 51956 --- [api-gateway] [reactor-http-nio-4] com.nearly.gateway.util.JwtUtil          : Invalid JWT signature: JWT signature does not match locally computed signature. JWT validity cannot be asserted and should not be trusted.
2026-01-14T00:00:26.330+05:30  WARN 51956 --- [api-gateway] [reactor-http-nio-4] c.n.gateway.filter.AuthenticationFilter  : Invalid or expired token for path: /api/activities
2026-01-14T00:00:26.332+05:30  INFO 51956 --- [api-gateway] [reactor-http-nio-3] c.n.gateway.filter.RequestLoggingFilter  : Request completed: [2f376621-21f8-4d9d-b067-4a43d3907a72] GET /api/users/69657415cf0c416da3129aea - Status: 401 UNAUTHORIZED - Duration: 63ms
2026-01-14T00:00:26.331+05:30  INFO 51956 --- [api-gateway] [reactor-http-nio-4] c.n.gateway.filter.RequestLoggingFilter  : Request completed: [42265a09-1b06-4edd-b3c1-452c5102087c] GET /api/activities - Status: 401 UNAUTHORIZED - Duration: 61ms
2026-01-14T00:04:24.443+05:30  INFO 51956 --- [api-gateway] [AsyncResolver-bootstrap-executor-0] c.n.d.s.r.aws.ConfigClusterResolver      : Resolving eureka endpoints via configuration
2026-01-14T00:08:53.358+05:30  INFO 51956 --- [api-gateway] [SpringApplicationShutdownHook] o.s.c.n.e.s.EurekaServiceRegistry        : Unregistering application API-GATEWAY with eureka with status DOWN
2026-01-14T00:08:53.360+05:30  INFO 51956 --- [api-gateway] [SpringApplicationShutdownHook] com.netflix.discovery.DiscoveryClient    : Saw local status change event StatusChangeEvent [timestamp=1768329533360, current=DOWN, previous=UP]
2026-01-14T00:08:53.363+05:30  INFO 51956 --- [api-gateway] [DiscoveryClient-InstanceInfoReplicator-0] com.netflix.discovery.DiscoveryClient    : DiscoveryClient_API-GATEWAY/192.168.2.134:api-gateway:9002: registering service...
2026-01-14T00:08:53.420+05:30  INFO 51956 --- [api-gateway] [DiscoveryClient-InstanceInfoReplicator-0] com.netflix.discovery.DiscoveryClient    : DiscoveryClient_API-GATEWAY/192.168.2.134:api-gateway:9002 - registration status: 204
2026-01-14T00:08:55.787+05:30  INFO 51956 --- [api-gateway] [SpringApplicationShutdownHook] com.netflix.discovery.DiscoveryClient    : Shutting down DiscoveryClient ...
2026-01-14T00:08:55.777+05:30 ERROR 51956 --- [api-gateway] [DiscoveryClient-CacheRefreshExecutor-0] o.s.c.gateway.route.CachingRouteLocator  : Refresh routes error !!!

org.springframework.beans.factory.BeanCreationNotAllowedException: Error creating bean with name 'defaultValidator': Singleton bean creation not allowed while singletons of this factory are in destruction (Do not request a bean from a BeanFactory in a destroy method implementation!)
	at org.springframework.beans.factory.support.DefaultSingletonBeanRegistry.getSingleton(DefaultSingletonBeanRegistry.java:220) ~[spring-beans-6.1.3.jar:6.1.3]
	at org.springframework.beans.factory.support.AbstractBeanFactory.doGetBean(AbstractBeanFactory.java:323) ~[spring-beans-6.1.3.jar:6.1.3]
	at org.springframework.beans.factory.support.AbstractBeanFactory.getBean(AbstractBeanFactory.java:199) ~[spring-beans-6.1.3.jar:6.1.3]
	at org.springframework.beans.factory.config.DependencyDescriptor.resolveCandidate(DependencyDescriptor.java:254) ~[spring-beans-6.1.3.jar:6.1.3]
	at org.springframework.beans.factory.support.DefaultListableBeanFactory.doResolveDependency(DefaultListableBeanFactory.java:1443) ~[spring-beans-6.1.3.jar:6.1.3]
	at org.springframework.beans.factory.support.DefaultListableBeanFactory$DependencyObjectProvider.getIfAvailable(DefaultListableBeanFactory.java:2112) ~[spring-beans-6.1.3.jar:6.1.3]
	at org.springframework.cloud.gateway.support.ConfigurationService$ConfigurableBuilder.doBind(ConfigurationService.java:150) ~[spring-cloud-gateway-server-4.1.0.jar:4.1.0]
	at org.springframework.cloud.gateway.support.ConfigurationService$AbstractBuilder.bind(ConfigurationService.java:244) ~[spring-cloud-gateway-server-4.1.0.jar:4.1.0]
	at org.springframework.cloud.gateway.route.RouteDefinitionRouteLocator.loadGatewayFilters(RouteDefinitionRouteLocator.java:159) ~[spring-cloud-gateway-server-4.1.0.jar:4.1.0]
	at org.springframework.cloud.gateway.route.RouteDefinitionRouteLocator.getFilters(RouteDefinitionRouteLocator.java:186) ~[spring-cloud-gateway-server-4.1.0.jar:4.1.0]
	at org.springframework.cloud.gateway.route.RouteDefinitionRouteLocator.convertToRoute(RouteDefinitionRouteLocator.java:132) ~[spring-cloud-gateway-server-4.1.0.jar:4.1.0]
	at reactor.core.publisher.FluxMap$MapSubscriber.onNext(FluxMap.java:106) ~[reactor-core-3.6.2.jar:3.6.2]
	at reactor.core.publisher.FluxFlatMap$FlatMapMain.tryEmitScalar(FluxFlatMap.java:492) ~[reactor-core-3.6.2.jar:3.6.2]
	at reactor.core.publisher.FluxFlatMap$FlatMapMain.onNext(FluxFlatMap.java:424) ~[reactor-core-3.6.2.jar:3.6.2]
	at reactor.core.publisher.FluxMergeSequential$MergeSequentialMain.drain(FluxMergeSequential.java:439) ~[reactor-core-3.6.2.jar:3.6.2]
	at reactor.core.publisher.FluxMergeSequential$MergeSequentialMain.innerNext(FluxMergeSequential.java:304) ~[reactor-core-3.6.2.jar:3.6.2]
	at reactor.core.publisher.FluxMergeSequential$MergeSequentialInner.onNext(FluxMergeSequential.java:578) ~[reactor-core-3.6.2.jar:3.6.2]
	at reactor.core.publisher.FluxMap$MapSubscriber.onNext(FluxMap.java:122) ~[reactor-core-3.6.2.jar:3.6.2]
	at reactor.core.publisher.MonoFlatMapMany$FlatMapManyInner.onNext(MonoFlatMapMany.java:251) ~[reactor-core-3.6.2.jar:3.6.2]
	at reactor.core.publisher.FluxIterable$IterableSubscription.slowPath(FluxIterable.java:335) ~[reactor-core-3.6.2.jar:3.6.2]
	at reactor.core.publisher.FluxIterable$IterableSubscription.request(FluxIterable.java:294) ~[reactor-core-3.6.2.jar:3.6.2]
	at reactor.core.publisher.MonoFlatMapMany$FlatMapManyMain.onSubscribeInner(MonoFlatMapMany.java:150) ~[reactor-core-3.6.2.jar:3.6.2]
	at reactor.core.publisher.MonoFlatMapMany$FlatMapManyInner.onSubscribe(MonoFlatMapMany.java:246) ~[reactor-core-3.6.2.jar:3.6.2]
	at reactor.core.publisher.FluxIterable.subscribe(FluxIterable.java:201) ~[reactor-core-3.6.2.jar:3.6.2]
	at reactor.core.publisher.FluxIterable.subscribe(FluxIterable.java:83) ~[reactor-core-3.6.2.jar:3.6.2]
	at reactor.core.publisher.Flux.subscribe(Flux.java:8777) ~[reactor-core-3.6.2.jar:3.6.2]
	at reactor.core.publisher.MonoFlatMapMany$FlatMapManyMain.onNext(MonoFlatMapMany.java:196) ~[reactor-core-3.6.2.jar:3.6.2]
	at reactor.core.publisher.Operators$BaseFluxToMonoOperator.completePossiblyEmpty(Operators.java:2097) ~[reactor-core-3.6.2.jar:3.6.2]
	at reactor.core.publisher.MonoCollect$CollectSubscriber.onComplete(MonoCollect.java:145) ~[reactor-core-3.6.2.jar:3.6.2]
	at reactor.core.publisher.FluxFilter$FilterSubscriber.onComplete(FluxFilter.java:166) ~[reactor-core-3.6.2.jar:3.6.2]
	at reactor.core.publisher.FluxFlatMap$FlatMapMain.checkTerminated(FluxFlatMap.java:850) ~[reactor-core-3.6.2.jar:3.6.2]
	at reactor.core.publisher.FluxFlatMap$FlatMapMain.drainLoop(FluxFlatMap.java:612) ~[reactor-core-3.6.2.jar:3.6.2]
	at reactor.core.publisher.FluxFlatMap$FlatMapMain.drain(FluxFlatMap.java:592) ~[reactor-core-3.6.2.jar:3.6.2]
	at reactor.core.publisher.FluxFlatMap$FlatMapMain.onComplete(FluxFlatMap.java:469) ~[reactor-core-3.6.2.jar:3.6.2]
	at reactor.core.publisher.FluxFilter$FilterSubscriber.onComplete(FluxFilter.java:166) ~[reactor-core-3.6.2.jar:3.6.2]
	at reactor.core.publisher.FluxFlatMap$FlatMapMain.checkTerminated(FluxFlatMap.java:850) ~[reactor-core-3.6.2.jar:3.6.2]
	at reactor.core.publisher.FluxFlatMap$FlatMapMain.drainLoop(FluxFlatMap.java:612) ~[reactor-core-3.6.2.jar:3.6.2]
	at reactor.core.publisher.FluxFlatMap$FlatMapMain.drain(FluxFlatMap.java:592) ~[reactor-core-3.6.2.jar:3.6.2]
	at reactor.core.publisher.FluxFlatMap$FlatMapMain.onComplete(FluxFlatMap.java:469) ~[reactor-core-3.6.2.jar:3.6.2]
	at reactor.core.publisher.FluxFlatMap$FlatMapMain.checkTerminated(FluxFlatMap.java:850) ~[reactor-core-3.6.2.jar:3.6.2]
	at reactor.core.publisher.FluxFlatMap$FlatMapMain.drainLoop(FluxFlatMap.java:612) ~[reactor-core-3.6.2.jar:3.6.2]
	at reactor.core.publisher.FluxFlatMap$FlatMapMain.drain(FluxFlatMap.java:592) ~[reactor-core-3.6.2.jar:3.6.2]
	at reactor.core.publisher.FluxFlatMap$FlatMapMain.onComplete(FluxFlatMap.java:469) ~[reactor-core-3.6.2.jar:3.6.2]
	at reactor.core.publisher.FluxIterable$IterableSubscription.slowPath(FluxIterable.java:357) ~[reactor-core-3.6.2.jar:3.6.2]
	at reactor.core.publisher.FluxIterable$IterableSubscription.request(FluxIterable.java:294) ~[reactor-core-3.6.2.jar:3.6.2]
	at reactor.core.publisher.FluxFlatMap$FlatMapMain.onSubscribe(FluxFlatMap.java:373) ~[reactor-core-3.6.2.jar:3.6.2]
	at reactor.core.publisher.FluxIterable.subscribe(FluxIterable.java:201) ~[reactor-core-3.6.2.jar:3.6.2]
	at reactor.core.publisher.FluxIterable.subscribe(FluxIterable.java:83) ~[reactor-core-3.6.2.jar:3.6.2]
	at reactor.core.publisher.Flux.subscribe(Flux.java:8777) ~[reactor-core-3.6.2.jar:3.6.2]
	at reactor.core.publisher.FluxMergeSequential$MergeSequentialMain.onNext(FluxMergeSequential.java:237) ~[reactor-core-3.6.2.jar:3.6.2]
	at reactor.core.publisher.FluxIterable$IterableSubscription.slowPath(FluxIterable.java:335) ~[reactor-core-3.6.2.jar:3.6.2]
	at reactor.core.publisher.FluxIterable$IterableSubscription.request(FluxIterable.java:294) ~[reactor-core-3.6.2.jar:3.6.2]
	at reactor.core.publisher.FluxMergeSequential$MergeSequentialMain.onSubscribe(FluxMergeSequential.java:198) ~[reactor-core-3.6.2.jar:3.6.2]
	at reactor.core.publisher.FluxIterable.subscribe(FluxIterable.java:201) ~[reactor-core-3.6.2.jar:3.6.2]
	at reactor.core.publisher.FluxIterable.subscribe(FluxIterable.java:83) ~[reactor-core-3.6.2.jar:3.6.2]
	at reactor.core.publisher.Flux.subscribe(Flux.java:8777) ~[reactor-core-3.6.2.jar:3.6.2]
	at reactor.core.publisher.FluxMergeSequential$MergeSequentialMain.onNext(FluxMergeSequential.java:237) ~[reactor-core-3.6.2.jar:3.6.2]
	at reactor.core.publisher.FluxIterable$IterableSubscription.slowPath(FluxIterable.java:335) ~[reactor-core-3.6.2.jar:3.6.2]
	at reactor.core.publisher.FluxIterable$IterableSubscription.request(FluxIterable.java:294) ~[reactor-core-3.6.2.jar:3.6.2]
	at reactor.core.publisher.FluxMergeSequential$MergeSequentialMain.onSubscribe(FluxMergeSequential.java:198) ~[reactor-core-3.6.2.jar:3.6.2]
	at reactor.core.publisher.FluxIterable.subscribe(FluxIterable.java:201) ~[reactor-core-3.6.2.jar:3.6.2]
	at reactor.core.publisher.FluxIterable.subscribe(FluxIterable.java:83) ~[reactor-core-3.6.2.jar:3.6.2]
	at reactor.core.publisher.Mono.subscribe(Mono.java:4512) ~[reactor-core-3.6.2.jar:3.6.2]
	at reactor.core.publisher.Mono.subscribeWith(Mono.java:4578) ~[reactor-core-3.6.2.jar:3.6.2]
	at reactor.core.publisher.Mono.subscribe(Mono.java:4478) ~[reactor-core-3.6.2.jar:3.6.2]
	at reactor.core.publisher.Mono.subscribe(Mono.java:4414) ~[reactor-core-3.6.2.jar:3.6.2]
	at reactor.core.publisher.Mono.subscribe(Mono.java:4386) ~[reactor-core-3.6.2.jar:3.6.2]
	at org.springframework.cloud.gateway.route.CachingRouteLocator.onApplicationEvent(CachingRouteLocator.java:102) ~[spring-cloud-gateway-server-4.1.0.jar:4.1.0]
	at org.springframework.cloud.gateway.route.CachingRouteLocator.onApplicationEvent(CachingRouteLocator.java:41) ~[spring-cloud-gateway-server-4.1.0.jar:4.1.0]
	at org.springframework.context.event.SimpleApplicationEventMulticaster.doInvokeListener(SimpleApplicationEventMulticaster.java:178) ~[spring-context-6.1.3.jar:6.1.3]
	at org.springframework.context.event.SimpleApplicationEventMulticaster.invokeListener(SimpleApplicationEventMulticaster.java:171) ~[spring-context-6.1.3.jar:6.1.3]
	at org.springframework.context.event.SimpleApplicationEventMulticaster.multicastEvent(SimpleApplicationEventMulticaster.java:149) ~[spring-context-6.1.3.jar:6.1.3]
	at org.springframework.context.support.AbstractApplicationContext.publishEvent(AbstractApplicationContext.java:451) ~[spring-context-6.1.3.jar:6.1.3]
	at org.springframework.context.support.AbstractApplicationContext.publishEvent(AbstractApplicationContext.java:384) ~[spring-context-6.1.3.jar:6.1.3]
	at org.springframework.cloud.gateway.route.RouteRefreshListener.reset(RouteRefreshListener.java:73) ~[spring-cloud-gateway-server-4.1.0.jar:4.1.0]
	at org.springframework.cloud.gateway.route.RouteRefreshListener.resetIfNeeded(RouteRefreshListener.java:68) ~[spring-cloud-gateway-server-4.1.0.jar:4.1.0]
	at org.springframework.cloud.gateway.route.RouteRefreshListener.onApplicationEvent(RouteRefreshListener.java:62) ~[spring-cloud-gateway-server-4.1.0.jar:4.1.0]
	at org.springframework.context.event.SimpleApplicationEventMulticaster.doInvokeListener(SimpleApplicationEventMulticaster.java:178) ~[spring-context-6.1.3.jar:6.1.3]
	at org.springframework.context.event.SimpleApplicationEventMulticaster.invokeListener(SimpleApplicationEventMulticaster.java:171) ~[spring-context-6.1.3.jar:6.1.3]
	at org.springframework.context.event.SimpleApplicationEventMulticaster.multicastEvent(SimpleApplicationEventMulticaster.java:149) ~[spring-context-6.1.3.jar:6.1.3]
	at org.springframework.context.support.AbstractApplicationContext.publishEvent(AbstractApplicationContext.java:451) ~[spring-context-6.1.3.jar:6.1.3]
	at org.springframework.context.support.AbstractApplicationContext.publishEvent(AbstractApplicationContext.java:384) ~[spring-context-6.1.3.jar:6.1.3]
	at org.springframework.cloud.netflix.eureka.CloudEurekaClient.onCacheRefreshed(CloudEurekaClient.java:121) ~[spring-cloud-netflix-eureka-client-4.1.0.jar:4.1.0]
	at com.netflix.discovery.DiscoveryClient.fetchRegistry(DiscoveryClient.java:975) ~[eureka-client-2.0.1.jar:2.0.1]
	at com.netflix.discovery.DiscoveryClient.refreshRegistry(DiscoveryClient.java:1475) ~[eureka-client-2.0.1.jar:2.0.1]
	at com.netflix.discovery.DiscoveryClient$CacheRefreshThread.run(DiscoveryClient.java:1442) ~[eureka-client-2.0.1.jar:2.0.1]
	at java.base/java.util.concurrent.Executors$RunnableAdapter.call(Executors.java:572) ~[na:na]
	at java.base/java.util.concurrent.FutureTask.run(FutureTask.java:317) ~[na:na]
	at java.base/java.util.concurrent.ThreadPoolExecutor.runWorker(ThreadPoolExecutor.java:1144) ~[na:na]
	at java.base/java.util.concurrent.ThreadPoolExecutor$Worker.run(ThreadPoolExecutor.java:642) ~[na:na]
	at java.base/java.lang.Thread.run(Thread.java:1583) ~[na:na]

2026-01-14T00:08:55.801+05:30 ERROR 51956 --- [api-gateway] [DiscoveryClient-CacheRefreshExecutor-0] com.netflix.discovery.DiscoveryClient    : Cannot fetch registry from server

org.springframework.beans.factory.BeanCreationNotAllowedException: Error creating bean with name 'cachedCompositeRouteLocator': Singleton bean creation not allowed while singletons of this factory are in destruction (Do not request a bean from a BeanFactory in a destroy method implementation!)
	at org.springframework.beans.factory.support.DefaultSingletonBeanRegistry.getSingleton(DefaultSingletonBeanRegistry.java:220) ~[spring-beans-6.1.3.jar:6.1.3]
	at org.springframework.beans.factory.support.AbstractBeanFactory.doGetBean(AbstractBeanFactory.java:323) ~[spring-beans-6.1.3.jar:6.1.3]
	at org.springframework.beans.factory.support.AbstractBeanFactory.getBean(AbstractBeanFactory.java:199) ~[spring-beans-6.1.3.jar:6.1.3]
	at org.springframework.beans.factory.config.DependencyDescriptor.resolveCandidate(DependencyDescriptor.java:254) ~[spring-beans-6.1.3.jar:6.1.3]
	at org.springframework.beans.factory.support.DefaultListableBeanFactory.doResolveDependency(DefaultListableBeanFactory.java:1443) ~[spring-beans-6.1.3.jar:6.1.3]
	at org.springframework.beans.factory.support.DefaultListableBeanFactory$DependencyObjectProvider.getIfAvailable(DefaultListableBeanFactory.java:2112) ~[spring-beans-6.1.3.jar:6.1.3]
	at org.springframework.beans.factory.support.DefaultListableBeanFactory$DependencyObjectProvider.ifAvailable(DefaultListableBeanFactory.java:2123) ~[spring-beans-6.1.3.jar:6.1.3]
	at org.springframework.cloud.gateway.filter.WeightCalculatorWebFilter.onApplicationEvent(WeightCalculatorWebFilter.java:144) ~[spring-cloud-gateway-server-4.1.0.jar:4.1.0]
	at org.springframework.context.event.SimpleApplicationEventMulticaster.doInvokeListener(SimpleApplicationEventMulticaster.java:178) ~[spring-context-6.1.3.jar:6.1.3]
	at org.springframework.context.event.SimpleApplicationEventMulticaster.invokeListener(SimpleApplicationEventMulticaster.java:171) ~[spring-context-6.1.3.jar:6.1.3]
	at org.springframework.context.event.SimpleApplicationEventMulticaster.multicastEvent(SimpleApplicationEventMulticaster.java:149) ~[spring-context-6.1.3.jar:6.1.3]
	at org.springframework.context.support.AbstractApplicationContext.publishEvent(AbstractApplicationContext.java:451) ~[spring-context-6.1.3.jar:6.1.3]
	at org.springframework.context.support.AbstractApplicationContext.publishEvent(AbstractApplicationContext.java:384) ~[spring-context-6.1.3.jar:6.1.3]
	at org.springframework.cloud.gateway.route.RouteRefreshListener.reset(RouteRefreshListener.java:73) ~[spring-cloud-gateway-server-4.1.0.jar:4.1.0]
	at org.springframework.cloud.gateway.route.RouteRefreshListener.resetIfNeeded(RouteRefreshListener.java:68) ~[spring-cloud-gateway-server-4.1.0.jar:4.1.0]
	at org.springframework.cloud.gateway.route.RouteRefreshListener.onApplicationEvent(RouteRefreshListener.java:62) ~[spring-cloud-gateway-server-4.1.0.jar:4.1.0]
	at org.springframework.context.event.SimpleApplicationEventMulticaster.doInvokeListener(SimpleApplicationEventMulticaster.java:178) ~[spring-context-6.1.3.jar:6.1.3]
	at org.springframework.context.event.SimpleApplicationEventMulticaster.invokeListener(SimpleApplicationEventMulticaster.java:171) ~[spring-context-6.1.3.jar:6.1.3]
	at org.springframework.context.event.SimpleApplicationEventMulticaster.multicastEvent(SimpleApplicationEventMulticaster.java:149) ~[spring-context-6.1.3.jar:6.1.3]
	at org.springframework.context.support.AbstractApplicationContext.publishEvent(AbstractApplicationContext.java:451) ~[spring-context-6.1.3.jar:6.1.3]
	at org.springframework.context.support.AbstractApplicationContext.publishEvent(AbstractApplicationContext.java:384) ~[spring-context-6.1.3.jar:6.1.3]
	at org.springframework.cloud.netflix.eureka.CloudEurekaClient.onCacheRefreshed(CloudEurekaClient.java:121) ~[spring-cloud-netflix-eureka-client-4.1.0.jar:4.1.0]
	at com.netflix.discovery.DiscoveryClient.fetchRegistry(DiscoveryClient.java:975) ~[eureka-client-2.0.1.jar:2.0.1]
	at com.netflix.discovery.DiscoveryClient.refreshRegistry(DiscoveryClient.java:1475) ~[eureka-client-2.0.1.jar:2.0.1]
	at com.netflix.discovery.DiscoveryClient$CacheRefreshThread.run(DiscoveryClient.java:1442) ~[eureka-client-2.0.1.jar:2.0.1]
	at java.base/java.util.concurrent.Executors$RunnableAdapter.call(Executors.java:572) ~[na:na]
	at java.base/java.util.concurrent.FutureTask.run(FutureTask.java:317) ~[na:na]
	at java.base/java.util.concurrent.ThreadPoolExecutor.runWorker(ThreadPoolExecutor.java:1144) ~[na:na]
	at java.base/java.util.concurrent.ThreadPoolExecutor$Worker.run(ThreadPoolExecutor.java:642) ~[na:na]
	at java.base/java.lang.Thread.run(Thread.java:1583) ~[na:na]

2026-01-14T00:08:58.807+05:30  INFO 51956 --- [api-gateway] [SpringApplicationShutdownHook] com.netflix.discovery.DiscoveryClient    : Unregistering ...
2026-01-14T00:08:58.820+05:30  INFO 51956 --- [api-gateway] [SpringApplicationShutdownHook] com.netflix.discovery.DiscoveryClient    : DiscoveryClient_API-GATEWAY/192.168.2.134:api-gateway:9002 - deregister  status: 200
2026-01-14T00:08:58.826+05:30  INFO 51956 --- [api-gateway] [SpringApplicationShutdownHook] com.netflix.discovery.DiscoveryClient    : Completed shut down of DiscoveryClient
2026-01-14T00:09:23.908+05:30  INFO 57430 --- [api-gateway] [main] c.nearly.gateway.ApiGatewayApplication   : Starting ApiGatewayApplication using Java 21.0.7 with PID 57430 (/Users/aman/Downloads/Nearly/microservices/api-gateway/target/classes started by aman in /Users/aman/Downloads/Nearly/microservices/api-gateway)
2026-01-14T00:09:23.909+05:30 DEBUG 57430 --- [api-gateway] [main] c.nearly.gateway.ApiGatewayApplication   : Running with Spring Boot v3.2.2, Spring v6.1.3
2026-01-14T00:09:23.909+05:30  INFO 57430 --- [api-gateway] [main] c.nearly.gateway.ApiGatewayApplication   : No active profile set, falling back to 1 default profile: "default"
2026-01-14T00:09:23.934+05:30  INFO 57430 --- [api-gateway] [main] o.s.c.c.c.ConfigServerConfigDataLoader   : Fetching config from server at : http://localhost:9001
2026-01-14T00:09:23.935+05:30  INFO 57430 --- [api-gateway] [main] o.s.c.c.c.ConfigServerConfigDataLoader   : Located environment: name=api-gateway, profiles=[default], label=null, version=null, state=null
2026-01-14T00:09:24.587+05:30  INFO 57430 --- [api-gateway] [main] .s.d.r.c.RepositoryConfigurationDelegate : Multiple Spring Data modules found, entering strict repository configuration mode
2026-01-14T00:09:24.589+05:30  INFO 57430 --- [api-gateway] [main] .s.d.r.c.RepositoryConfigurationDelegate : Bootstrapping Spring Data Redis repositories in DEFAULT mode.
2026-01-14T00:09:24.601+05:30  INFO 57430 --- [api-gateway] [main] .s.d.r.c.RepositoryConfigurationDelegate : Finished Spring Data repository scanning in 5 ms. Found 0 Redis repository interfaces.
2026-01-14T00:09:24.761+05:30  INFO 57430 --- [api-gateway] [main] o.s.cloud.context.scope.GenericScope     : BeanFactory id=50c9132e-dbba-362e-90c9-f2c213292ac1
2026-01-14T00:09:24.799+05:30  WARN 57430 --- [api-gateway] [main] trationDelegate$BeanPostProcessorChecker : Bean 'org.springframework.cloud.client.loadbalancer.LoadBalancerAutoConfiguration$LoadBalancerInterceptorConfig' of type [org.springframework.cloud.client.loadbalancer.LoadBalancerAutoConfiguration$LoadBalancerInterceptorConfig] is not eligible for getting processed by all BeanPostProcessors (for example: not eligible for auto-proxying). The currently created BeanPostProcessor [lbRestClientPostProcessor] is declared through a non-static factory method on that class; consider declaring it as static instead.
2026-01-14T00:09:24.801+05:30  WARN 57430 --- [api-gateway] [main] trationDelegate$BeanPostProcessorChecker : Bean 'org.springframework.cloud.loadbalancer.config.BlockingLoadBalancerClientAutoConfiguration' of type [org.springframework.cloud.loadbalancer.config.BlockingLoadBalancerClientAutoConfiguration] is not eligible for getting processed by all BeanPostProcessors (for example: not eligible for auto-proxying). Is this bean getting eagerly injected into a currently created BeanPostProcessor [lbRestClientPostProcessor]? Check the corresponding BeanPostProcessor declaration and its dependencies.
2026-01-14T00:09:24.801+05:30  WARN 57430 --- [api-gateway] [main] trationDelegate$BeanPostProcessorChecker : Bean 'org.springframework.cloud.loadbalancer.config.LoadBalancerAutoConfiguration' of type [org.springframework.cloud.loadbalancer.config.LoadBalancerAutoConfiguration] is not eligible for getting processed by all BeanPostProcessors (for example: not eligible for auto-proxying). Is this bean getting eagerly injected into a currently created BeanPostProcessor [lbRestClientPostProcessor]? Check the corresponding BeanPostProcessor declaration and its dependencies.
2026-01-14T00:09:24.804+05:30  WARN 57430 --- [api-gateway] [main] trationDelegate$BeanPostProcessorChecker : Bean 'org.springframework.cloud.commons.config.CommonsConfigAutoConfiguration' of type [org.springframework.cloud.commons.config.CommonsConfigAutoConfiguration] is not eligible for getting processed by all BeanPostProcessors (for example: not eligible for auto-proxying). Is this bean getting eagerly injected into a currently created BeanPostProcessor [lbRestClientPostProcessor]? Check the corresponding BeanPostProcessor declaration and its dependencies.
2026-01-14T00:09:24.806+05:30  WARN 57430 --- [api-gateway] [main] trationDelegate$BeanPostProcessorChecker : Bean 'org.springframework.cloud.client.loadbalancer.LoadBalancerDefaultMappingsProviderAutoConfiguration' of type [org.springframework.cloud.client.loadbalancer.LoadBalancerDefaultMappingsProviderAutoConfiguration] is not eligible for getting processed by all BeanPostProcessors (for example: not eligible for auto-proxying). Is this bean getting eagerly injected into a currently created BeanPostProcessor [lbRestClientPostProcessor]? Check the corresponding BeanPostProcessor declaration and its dependencies.
2026-01-14T00:09:24.806+05:30  WARN 57430 --- [api-gateway] [main] trationDelegate$BeanPostProcessorChecker : Bean 'loadBalancerClientsDefaultsMappingsProvider' of type [org.springframework.cloud.client.loadbalancer.LoadBalancerDefaultMappingsProviderAutoConfiguration$$Lambda/0x000000030144e1e0] is not eligible for getting processed by all BeanPostProcessors (for example: not eligible for auto-proxying). Is this bean getting eagerly injected into a currently created BeanPostProcessor [lbRestClientPostProcessor]? Check the corresponding BeanPostProcessor declaration and its dependencies.
2026-01-14T00:09:24.807+05:30  WARN 57430 --- [api-gateway] [main] trationDelegate$BeanPostProcessorChecker : Bean 'defaultsBindHandlerAdvisor' of type [org.springframework.cloud.commons.config.DefaultsBindHandlerAdvisor] is not eligible for getting processed by all BeanPostProcessors (for example: not eligible for auto-proxying). Is this bean getting eagerly injected into a currently created BeanPostProcessor [lbRestClientPostProcessor]? Check the corresponding BeanPostProcessor declaration and its dependencies.
2026-01-14T00:09:24.810+05:30  WARN 57430 --- [api-gateway] [main] trationDelegate$BeanPostProcessorChecker : Bean 'spring.cloud.loadbalancer-org.springframework.cloud.client.loadbalancer.LoadBalancerClientsProperties' of type [org.springframework.cloud.client.loadbalancer.LoadBalancerClientsProperties] is not eligible for getting processed by all BeanPostProcessors (for example: not eligible for auto-proxying). Is this bean getting eagerly injected into a currently created BeanPostProcessor [lbRestClientPostProcessor]? Check the corresponding BeanPostProcessor declaration and its dependencies.
2026-01-14T00:09:24.812+05:30  WARN 57430 --- [api-gateway] [main] trationDelegate$BeanPostProcessorChecker : Bean 'default.org.springframework.cloud.loadbalancer.config.LoadBalancerAutoConfiguration.LoadBalancerClientSpecification' of type [org.springframework.cloud.loadbalancer.annotation.LoadBalancerClientSpecification] is not eligible for getting processed by all BeanPostProcessors (for example: not eligible for auto-proxying). Is this bean getting eagerly injected into a currently created BeanPostProcessor [lbRestClientPostProcessor]? Check the corresponding BeanPostProcessor declaration and its dependencies.
2026-01-14T00:09:24.812+05:30  WARN 57430 --- [api-gateway] [main] trationDelegate$BeanPostProcessorChecker : Bean 'default.org.springframework.cloud.loadbalancer.config.BlockingLoadBalancerClientAutoConfiguration.LoadBalancerClientSpecification' of type [org.springframework.cloud.loadbalancer.annotation.LoadBalancerClientSpecification] is not eligible for getting processed by all BeanPostProcessors (for example: not eligible for auto-proxying). Is this bean getting eagerly injected into a currently created BeanPostProcessor [lbRestClientPostProcessor]? Check the corresponding BeanPostProcessor declaration and its dependencies.
2026-01-14T00:09:24.812+05:30  WARN 57430 --- [api-gateway] [main] trationDelegate$BeanPostProcessorChecker : Bean 'default.org.springframework.cloud.netflix.eureka.loadbalancer.LoadBalancerEurekaAutoConfiguration.LoadBalancerClientSpecification' of type [org.springframework.cloud.loadbalancer.annotation.LoadBalancerClientSpecification] is not eligible for getting processed by all BeanPostProcessors (for example: not eligible for auto-proxying). Is this bean getting eagerly injected into a currently created BeanPostProcessor [lbRestClientPostProcessor]? Check the corresponding BeanPostProcessor declaration and its dependencies.
2026-01-14T00:09:24.812+05:30  WARN 57430 --- [api-gateway] [main] trationDelegate$BeanPostProcessorChecker : Bean 'loadBalancerClientFactory' of type [org.springframework.cloud.loadbalancer.support.LoadBalancerClientFactory] is not eligible for getting processed by all BeanPostProcessors (for example: not eligible for auto-proxying). Is this bean getting eagerly injected into a currently created BeanPostProcessor [lbRestClientPostProcessor]? Check the corresponding BeanPostProcessor declaration and its dependencies.
2026-01-14T00:09:24.813+05:30  WARN 57430 --- [api-gateway] [main] trationDelegate$BeanPostProcessorChecker : Bean 'blockingLoadBalancerClient' of type [org.springframework.cloud.loadbalancer.blocking.client.BlockingLoadBalancerClient] is not eligible for getting processed by all BeanPostProcessors (for example: not eligible for auto-proxying). Is this bean getting eagerly injected into a currently created BeanPostProcessor [lbRestClientPostProcessor]? Check the corresponding BeanPostProcessor declaration and its dependencies.
2026-01-14T00:09:24.816+05:30  WARN 57430 --- [api-gateway] [main] trationDelegate$BeanPostProcessorChecker : Bean 'loadBalancerServiceInstanceCookieTransformer' of type [org.springframework.cloud.loadbalancer.core.LoadBalancerServiceInstanceCookieTransformer] is not eligible for getting processed by all BeanPostProcessors (for example: not eligible for auto-proxying). Is this bean getting eagerly injected into a currently created BeanPostProcessor [lbRestClientPostProcessor]? Check the corresponding BeanPostProcessor declaration and its dependencies.
2026-01-14T00:09:24.817+05:30  WARN 57430 --- [api-gateway] [main] trationDelegate$BeanPostProcessorChecker : Bean 'xForwarderHeadersTransformer' of type [org.springframework.cloud.loadbalancer.blocking.XForwardedHeadersTransformer] is not eligible for getting processed by all BeanPostProcessors (for example: not eligible for auto-proxying). Is this bean getting eagerly injected into a currently created BeanPostProcessor [lbRestClientPostProcessor]? Check the corresponding BeanPostProcessor declaration and its dependencies.
2026-01-14T00:09:24.817+05:30  WARN 57430 --- [api-gateway] [main] trationDelegate$BeanPostProcessorChecker : Bean 'org.springframework.cloud.client.loadbalancer.LoadBalancerAutoConfiguration' of type [org.springframework.cloud.client.loadbalancer.LoadBalancerAutoConfiguration] is not eligible for getting processed by all BeanPostProcessors (for example: not eligible for auto-proxying). Is this bean getting eagerly injected into a currently created BeanPostProcessor [lbRestClientPostProcessor]? Check the corresponding BeanPostProcessor declaration and its dependencies.
2026-01-14T00:09:24.818+05:30  WARN 57430 --- [api-gateway] [main] trationDelegate$BeanPostProcessorChecker : Bean 'loadBalancerRequestFactory' of type [org.springframework.cloud.client.loadbalancer.LoadBalancerRequestFactory] is not eligible for getting processed by all BeanPostProcessors (for example: not eligible for auto-proxying). Is this bean getting eagerly injected into a currently created BeanPostProcessor [lbRestClientPostProcessor]? Check the corresponding BeanPostProcessor declaration and its dependencies.
2026-01-14T00:09:24.818+05:30  WARN 57430 --- [api-gateway] [main] trationDelegate$BeanPostProcessorChecker : Bean 'loadBalancerInterceptor' of type [org.springframework.cloud.client.loadbalancer.LoadBalancerInterceptor] is not eligible for getting processed by all BeanPostProcessors (for example: not eligible for auto-proxying). Is this bean getting eagerly injected into a currently created BeanPostProcessor [lbRestClientPostProcessor]? Check the corresponding BeanPostProcessor declaration and its dependencies.
2026-01-14T00:09:24.818+05:30  WARN 57430 --- [api-gateway] [main] trationDelegate$BeanPostProcessorChecker : Bean 'org.springframework.cloud.client.loadbalancer.reactive.LoadBalancerBeanPostProcessorAutoConfiguration' of type [org.springframework.cloud.client.loadbalancer.reactive.LoadBalancerBeanPostProcessorAutoConfiguration] is not eligible for getting processed by all BeanPostProcessors (for example: not eligible for auto-proxying). The currently created BeanPostProcessor [loadBalancerWebClientBuilderBeanPostProcessor] is declared through a non-static factory method on that class; consider declaring it as static instead.
2026-01-14T00:09:24.819+05:30  WARN 57430 --- [api-gateway] [main] trationDelegate$BeanPostProcessorChecker : Bean 'org.springframework.cloud.client.loadbalancer.reactive.LoadBalancerBeanPostProcessorAutoConfiguration$ReactorDeferringLoadBalancerFilterConfig' of type [org.springframework.cloud.client.loadbalancer.reactive.LoadBalancerBeanPostProcessorAutoConfiguration$ReactorDeferringLoadBalancerFilterConfig] is not eligible for getting processed by all BeanPostProcessors (for example: not eligible for auto-proxying). Is this bean getting eagerly injected into a currently created BeanPostProcessor [loadBalancerWebClientBuilderBeanPostProcessor]? Check the corresponding BeanPostProcessor declaration and its dependencies.
2026-01-14T00:09:24.819+05:30  WARN 57430 --- [api-gateway] [main] trationDelegate$BeanPostProcessorChecker : Bean 'reactorDeferringLoadBalancerExchangeFilterFunction' of type [org.springframework.cloud.client.loadbalancer.reactive.DeferringLoadBalancerExchangeFilterFunction] is not eligible for getting processed by all BeanPostProcessors (for example: not eligible for auto-proxying). Is this bean getting eagerly injected into a currently created BeanPostProcessor [loadBalancerWebClientBuilderBeanPostProcessor]? Check the corresponding BeanPostProcessor declaration and its dependencies.
2026-01-14T00:09:25.136+05:30 ERROR 57430 --- [api-gateway] [main] i.n.r.d.DnsServerAddressStreamProviders  : Unable to load io.netty.resolver.dns.macos.MacOSDnsServerAddressStreamProvider, fallback to system defaults. This may result in incorrect DNS resolutions on MacOS. Check whether you have a dependency on 'io.netty:netty-resolver-dns-native-macos'. Use DEBUG level to see the full stack: java.lang.UnsatisfiedLinkError: failed to load the required native library
2026-01-14T00:09:25.600+05:30  INFO 57430 --- [api-gateway] [main] o.s.c.g.r.RouteDefinitionRouteLocator    : Loaded RoutePredicateFactory [After]
2026-01-14T00:09:25.600+05:30  INFO 57430 --- [api-gateway] [main] o.s.c.g.r.RouteDefinitionRouteLocator    : Loaded RoutePredicateFactory [Before]
2026-01-14T00:09:25.600+05:30  INFO 57430 --- [api-gateway] [main] o.s.c.g.r.RouteDefinitionRouteLocator    : Loaded RoutePredicateFactory [Between]
2026-01-14T00:09:25.600+05:30  INFO 57430 --- [api-gateway] [main] o.s.c.g.r.RouteDefinitionRouteLocator    : Loaded RoutePredicateFactory [Cookie]
2026-01-14T00:09:25.600+05:30  INFO 57430 --- [api-gateway] [main] o.s.c.g.r.RouteDefinitionRouteLocator    : Loaded RoutePredicateFactory [Header]
2026-01-14T00:09:25.600+05:30  INFO 57430 --- [api-gateway] [main] o.s.c.g.r.RouteDefinitionRouteLocator    : Loaded RoutePredicateFactory [Host]
2026-01-14T00:09:25.600+05:30  INFO 57430 --- [api-gateway] [main] o.s.c.g.r.RouteDefinitionRouteLocator    : Loaded RoutePredicateFactory [Method]
2026-01-14T00:09:25.601+05:30  INFO 57430 --- [api-gateway] [main] o.s.c.g.r.RouteDefinitionRouteLocator    : Loaded RoutePredicateFactory [Path]
2026-01-14T00:09:25.601+05:30  INFO 57430 --- [api-gateway] [main] o.s.c.g.r.RouteDefinitionRouteLocator    : Loaded RoutePredicateFactory [Query]
2026-01-14T00:09:25.601+05:30  INFO 57430 --- [api-gateway] [main] o.s.c.g.r.RouteDefinitionRouteLocator    : Loaded RoutePredicateFactory [ReadBody]
2026-01-14T00:09:25.601+05:30  INFO 57430 --- [api-gateway] [main] o.s.c.g.r.RouteDefinitionRouteLocator    : Loaded RoutePredicateFactory [RemoteAddr]
2026-01-14T00:09:25.601+05:30  INFO 57430 --- [api-gateway] [main] o.s.c.g.r.RouteDefinitionRouteLocator    : Loaded RoutePredicateFactory [XForwardedRemoteAddr]
2026-01-14T00:09:25.601+05:30  INFO 57430 --- [api-gateway] [main] o.s.c.g.r.RouteDefinitionRouteLocator    : Loaded RoutePredicateFactory [Weight]
2026-01-14T00:09:25.601+05:30  INFO 57430 --- [api-gateway] [main] o.s.c.g.r.RouteDefinitionRouteLocator    : Loaded RoutePredicateFactory [CloudFoundryRouteService]
2026-01-14T00:09:25.737+05:30  INFO 57430 --- [api-gateway] [main] o.s.b.a.e.web.EndpointLinksResolver      : Exposing 3 endpoint(s) beneath base path '/actuator'
2026-01-14T00:09:25.929+05:30  INFO 57430 --- [api-gateway] [main] DiscoveryClientOptionalArgsConfiguration : Eureka HTTP Client uses RestTemplate.
2026-01-14T00:09:25.937+05:30  WARN 57430 --- [api-gateway] [main] iguration$LoadBalancerCaffeineWarnLogger : Spring Cloud LoadBalancer is currently working with the default cache. While this cache implementation is useful for development and tests, it's recommended to use Caffeine cache in production.You can switch to using Caffeine cache, by adding it and org.springframework.cache.caffeine.CaffeineCacheManager to the classpath.
2026-01-14T00:09:25.960+05:30  INFO 57430 --- [api-gateway] [main] o.s.c.n.eureka.InstanceInfoFactory       : Setting initial instance status as: STARTING
2026-01-14T00:09:26.010+05:30  INFO 57430 --- [api-gateway] [main] com.netflix.discovery.DiscoveryClient    : Initializing Eureka in region us-east-1
2026-01-14T00:09:26.012+05:30  INFO 57430 --- [api-gateway] [main] c.n.d.s.r.aws.ConfigClusterResolver      : Resolving eureka endpoints via configuration
2026-01-14T00:09:26.022+05:30  INFO 57430 --- [api-gateway] [main] com.netflix.discovery.DiscoveryClient    : Disable delta property : false
2026-01-14T00:09:26.022+05:30  INFO 57430 --- [api-gateway] [main] com.netflix.discovery.DiscoveryClient    : Single vip registry refresh property : null
2026-01-14T00:09:26.022+05:30  INFO 57430 --- [api-gateway] [main] com.netflix.discovery.DiscoveryClient    : Force full registry fetch : false
2026-01-14T00:09:26.022+05:30  INFO 57430 --- [api-gateway] [main] com.netflix.discovery.DiscoveryClient    : Application is null : false
2026-01-14T00:09:26.022+05:30  INFO 57430 --- [api-gateway] [main] com.netflix.discovery.DiscoveryClient    : Registered Applications size is zero : true
2026-01-14T00:09:26.022+05:30  INFO 57430 --- [api-gateway] [main] com.netflix.discovery.DiscoveryClient    : Application version is -1: true
2026-01-14T00:09:26.022+05:30  INFO 57430 --- [api-gateway] [main] com.netflix.discovery.DiscoveryClient    : Getting all instance registry info from the eureka server
2026-01-14T00:09:26.169+05:30  INFO 57430 --- [api-gateway] [main] com.netflix.discovery.DiscoveryClient    : The response status is 200
2026-01-14T00:09:26.170+05:30  INFO 57430 --- [api-gateway] [main] com.netflix.discovery.DiscoveryClient    : Starting heartbeat executor: renew interval is: 30
2026-01-14T00:09:26.171+05:30  INFO 57430 --- [api-gateway] [main] c.n.discovery.InstanceInfoReplicator     : InstanceInfoReplicator onDemand update allowed rate per min is 4
2026-01-14T00:09:26.173+05:30  INFO 57430 --- [api-gateway] [main] com.netflix.discovery.DiscoveryClient    : Discovery Client initialized at timestamp 1768329566173 with initial instances count: 16
2026-01-14T00:09:26.174+05:30  INFO 57430 --- [api-gateway] [main] o.s.c.n.e.s.EurekaServiceRegistry        : Registering application API-GATEWAY with eureka with status UP
2026-01-14T00:09:26.174+05:30  INFO 57430 --- [api-gateway] [main] com.netflix.discovery.DiscoveryClient    : Saw local status change event StatusChangeEvent [timestamp=1768329566174, current=UP, previous=STARTING]
2026-01-14T00:09:26.175+05:30  INFO 57430 --- [api-gateway] [DiscoveryClient-InstanceInfoReplicator-0] com.netflix.discovery.DiscoveryClient    : DiscoveryClient_API-GATEWAY/192.168.2.134:api-gateway:9002: registering service...
2026-01-14T00:09:26.193+05:30  INFO 57430 --- [api-gateway] [DiscoveryClient-InstanceInfoReplicator-0] com.netflix.discovery.DiscoveryClient    : DiscoveryClient_API-GATEWAY/192.168.2.134:api-gateway:9002 - registration status: 204
2026-01-14T00:09:26.250+05:30  INFO 57430 --- [api-gateway] [main] o.s.b.web.embedded.netty.NettyWebServer  : Netty started on port 9002
2026-01-14T00:09:26.250+05:30  INFO 57430 --- [api-gateway] [main] .s.c.n.e.s.EurekaAutoServiceRegistration : Updating port to 9002
2026-01-14T00:09:26.277+05:30  INFO 57430 --- [api-gateway] [main] c.nearly.gateway.ApiGatewayApplication   : Started ApiGatewayApplication in 2.835 seconds (process running for 3.005)
2026-01-14T00:09:46.008+05:30  INFO 57430 --- [api-gateway] [reactor-http-nio-4] c.n.gateway.filter.RequestLoggingFilter  : Incoming request: [05f50e3d-dbf9-4fd2-ba75-c8dc5b4ae366] GET /api/users/69657415cf0c416da3129aea from 0:0:0:0:0:0:0:1
2026-01-14T00:09:46.005+05:30  INFO 57430 --- [api-gateway] [reactor-http-nio-5] c.n.gateway.filter.RequestLoggingFilter  : Incoming request: [c5cabe83-7074-4d70-a20c-ed7be8f1b927] GET /api/activities from 0:0:0:0:0:0:0:1
2026-01-14T00:09:46.031+05:30 DEBUG 57430 --- [api-gateway] [reactor-http-nio-4] c.n.gateway.filter.AuthenticationFilter  : AuthenticationFilter processing: GET /api/users/69657415cf0c416da3129aea
2026-01-14T00:09:46.032+05:30 DEBUG 57430 --- [api-gateway] [reactor-http-nio-5] c.n.gateway.filter.AuthenticationFilter  : AuthenticationFilter processing: GET /api/activities
2026-01-14T00:09:46.281+05:30 DEBUG 57430 --- [api-gateway] [reactor-http-nio-5] c.n.gateway.filter.AuthenticationFilter  : Authenticated user: admin497 (ID: 69657415cf0c416da3129aea) accessing: /api/activities
2026-01-14T00:09:46.281+05:30 DEBUG 57430 --- [api-gateway] [reactor-http-nio-4] c.n.gateway.filter.AuthenticationFilter  : Authenticated user: admin497 (ID: 69657415cf0c416da3129aea) accessing: /api/users/69657415cf0c416da3129aea
2026-01-14T00:09:46.752+05:30  INFO 57430 --- [api-gateway] [reactor-http-nio-4] c.n.gateway.filter.RequestLoggingFilter  : Request completed: [05f50e3d-dbf9-4fd2-ba75-c8dc5b4ae366] GET /api/users/69657415cf0c416da3129aea - Status: 200 OK - Duration: 744ms
2026-01-14T00:09:46.757+05:30  INFO 57430 --- [api-gateway] [reactor-http-nio-5] c.n.gateway.filter.RequestLoggingFilter  : Request completed: [c5cabe83-7074-4d70-a20c-ed7be8f1b927] GET /api/activities - Status: 200 OK - Duration: 781ms
2026-01-14T00:09:46.806+05:30  INFO 57430 --- [api-gateway] [reactor-http-nio-3] c.n.gateway.filter.RequestLoggingFilter  : Incoming request: [921afc8c-cf48-451e-b490-05e554e835c9] GET /api/users/6966652486326e6296619c0e from 0:0:0:0:0:0:0:1
2026-01-14T00:09:46.806+05:30  INFO 57430 --- [api-gateway] [reactor-http-nio-1] c.n.gateway.filter.RequestLoggingFilter  : Incoming request: [114e5671-1e70-422d-89d5-e61634462ed5] GET /api/users/696560337476113ea8e0cb87 from 0:0:0:0:0:0:0:1
2026-01-14T00:09:46.807+05:30 DEBUG 57430 --- [api-gateway] [reactor-http-nio-3] c.n.gateway.filter.AuthenticationFilter  : AuthenticationFilter processing: GET /api/users/6966652486326e6296619c0e
2026-01-14T00:09:46.807+05:30 DEBUG 57430 --- [api-gateway] [reactor-http-nio-1] c.n.gateway.filter.AuthenticationFilter  : AuthenticationFilter processing: GET /api/users/696560337476113ea8e0cb87
2026-01-14T00:09:46.806+05:30  INFO 57430 --- [api-gateway] [reactor-http-nio-2] c.n.gateway.filter.RequestLoggingFilter  : Incoming request: [959ef7a2-dd83-4d30-86f2-845f5bdd059f] GET /api/users/69657415cf0c416da3129aea from 0:0:0:0:0:0:0:1
2026-01-14T00:09:46.808+05:30 DEBUG 57430 --- [api-gateway] [reactor-http-nio-2] c.n.gateway.filter.AuthenticationFilter  : AuthenticationFilter processing: GET /api/users/69657415cf0c416da3129aea
2026-01-14T00:09:46.811+05:30 DEBUG 57430 --- [api-gateway] [reactor-http-nio-2] c.n.gateway.filter.AuthenticationFilter  : Authenticated user: admin497 (ID: 69657415cf0c416da3129aea) accessing: /api/users/69657415cf0c416da3129aea
2026-01-14T00:09:46.811+05:30 DEBUG 57430 --- [api-gateway] [reactor-http-nio-1] c.n.gateway.filter.AuthenticationFilter  : Authenticated user: admin497 (ID: 69657415cf0c416da3129aea) accessing: /api/users/696560337476113ea8e0cb87
2026-01-14T00:09:46.811+05:30 DEBUG 57430 --- [api-gateway] [reactor-http-nio-3] c.n.gateway.filter.AuthenticationFilter  : Authenticated user: admin497 (ID: 69657415cf0c416da3129aea) accessing: /api/users/6966652486326e6296619c0e
2026-01-14T00:09:46.871+05:30  INFO 57430 --- [api-gateway] [reactor-http-nio-2] c.n.gateway.filter.RequestLoggingFilter  : Request completed: [959ef7a2-dd83-4d30-86f2-845f5bdd059f] GET /api/users/69657415cf0c416da3129aea - Status: 200 OK - Duration: 65ms
2026-01-14T00:09:46.877+05:30  INFO 57430 --- [api-gateway] [reactor-http-nio-1] c.n.gateway.filter.RequestLoggingFilter  : Request completed: [114e5671-1e70-422d-89d5-e61634462ed5] GET /api/users/696560337476113ea8e0cb87 - Status: 200 OK - Duration: 71ms
2026-01-14T00:09:46.877+05:30  INFO 57430 --- [api-gateway] [reactor-http-nio-3] c.n.gateway.filter.RequestLoggingFilter  : Request completed: [921afc8c-cf48-451e-b490-05e554e835c9] GET /api/users/6966652486326e6296619c0e - Status: 200 OK - Duration: 71ms
2026-01-14T00:10:00.748+05:30  INFO 57430 --- [api-gateway] [reactor-http-nio-6] c.n.gateway.filter.RequestLoggingFilter  : Incoming request: [253779be-6215-4597-ad95-2c3fb9c53f8d] POST /api/auth/login from 0:0:0:0:0:0:0:1
2026-01-14T00:10:00.751+05:30 DEBUG 57430 --- [api-gateway] [reactor-http-nio-6] c.n.gateway.filter.AuthenticationFilter  : AuthenticationFilter processing: POST /api/auth/login
2026-01-14T00:10:00.752+05:30 DEBUG 57430 --- [api-gateway] [reactor-http-nio-6] c.n.gateway.filter.AuthenticationFilter  : Public path, skipping authentication: /api/auth/login
2026-01-14T00:10:01.250+05:30  INFO 57430 --- [api-gateway] [reactor-http-nio-6] c.n.gateway.filter.RequestLoggingFilter  : Request completed: [253779be-6215-4597-ad95-2c3fb9c53f8d] POST /api/auth/login - Status: 200 OK - Duration: 503ms
2026-01-14T00:10:01.362+05:30  INFO 57430 --- [api-gateway] [reactor-http-nio-8] c.n.gateway.filter.RequestLoggingFilter  : Incoming request: [d4e2ba90-d1a2-4f8a-a26c-2ac79a6b3554] GET /api/users/69657415cf0c416da3129aea from 0:0:0:0:0:0:0:1
2026-01-14T00:10:01.363+05:30 DEBUG 57430 --- [api-gateway] [reactor-http-nio-8] c.n.gateway.filter.AuthenticationFilter  : AuthenticationFilter processing: GET /api/users/69657415cf0c416da3129aea
2026-01-14T00:10:01.362+05:30  INFO 57430 --- [api-gateway] [reactor-http-nio-1] c.n.gateway.filter.RequestLoggingFilter  : Incoming request: [d2373b96-d2d8-46e3-9759-9086ce844eec] GET /api/activities from 0:0:0:0:0:0:0:1
2026-01-14T00:10:01.365+05:30 DEBUG 57430 --- [api-gateway] [reactor-http-nio-1] c.n.gateway.filter.AuthenticationFilter  : AuthenticationFilter processing: GET /api/activities
2026-01-14T00:10:01.374+05:30 DEBUG 57430 --- [api-gateway] [reactor-http-nio-8] c.n.gateway.filter.AuthenticationFilter  : Authenticated user: admin497 (ID: 69657415cf0c416da3129aea) accessing: /api/users/69657415cf0c416da3129aea
2026-01-14T00:10:01.375+05:30 DEBUG 57430 --- [api-gateway] [reactor-http-nio-1] c.n.gateway.filter.AuthenticationFilter  : Authenticated user: admin497 (ID: 69657415cf0c416da3129aea) accessing: /api/activities
2026-01-14T00:10:01.467+05:30  INFO 57430 --- [api-gateway] [reactor-http-nio-8] c.n.gateway.filter.RequestLoggingFilter  : Request completed: [d4e2ba90-d1a2-4f8a-a26c-2ac79a6b3554] GET /api/users/69657415cf0c416da3129aea - Status: 200 OK - Duration: 106ms
2026-01-14T00:10:01.570+05:30  INFO 57430 --- [api-gateway] [reactor-http-nio-1] c.n.gateway.filter.RequestLoggingFilter  : Request completed: [d2373b96-d2d8-46e3-9759-9086ce844eec] GET /api/activities - Status: 200 OK - Duration: 208ms
2026-01-14T00:10:01.604+05:30  INFO 57430 --- [api-gateway] [reactor-http-nio-3] c.n.gateway.filter.RequestLoggingFilter  : Incoming request: [0bd2d3b8-1d58-41eb-a5ab-d668e55be8d5] GET /api/users/69657415cf0c416da3129aea from 0:0:0:0:0:0:0:1
2026-01-14T00:10:01.605+05:30 DEBUG 57430 --- [api-gateway] [reactor-http-nio-3] c.n.gateway.filter.AuthenticationFilter  : AuthenticationFilter processing: GET /api/users/69657415cf0c416da3129aea
2026-01-14T00:10:01.606+05:30  INFO 57430 --- [api-gateway] [reactor-http-nio-2] c.n.gateway.filter.RequestLoggingFilter  : Incoming request: [132190ef-a420-49eb-bc28-08cfb7bca252] GET /api/users/696560337476113ea8e0cb87 from 0:0:0:0:0:0:0:1
2026-01-14T00:10:01.607+05:30 DEBUG 57430 --- [api-gateway] [reactor-http-nio-2] c.n.gateway.filter.AuthenticationFilter  : AuthenticationFilter processing: GET /api/users/696560337476113ea8e0cb87
2026-01-14T00:10:01.612+05:30 DEBUG 57430 --- [api-gateway] [reactor-http-nio-3] c.n.gateway.filter.AuthenticationFilter  : Authenticated user: admin497 (ID: 69657415cf0c416da3129aea) accessing: /api/users/69657415cf0c416da3129aea
2026-01-14T00:10:01.610+05:30  INFO 57430 --- [api-gateway] [reactor-http-nio-4] c.n.gateway.filter.RequestLoggingFilter  : Incoming request: [1aeb5d79-e238-4d4e-acfd-5d783e3ab693] GET /api/users/6966652486326e6296619c0e from 0:0:0:0:0:0:0:1
2026-01-14T00:10:01.612+05:30 DEBUG 57430 --- [api-gateway] [reactor-http-nio-4] c.n.gateway.filter.AuthenticationFilter  : AuthenticationFilter processing: GET /api/users/6966652486326e6296619c0e
2026-01-14T00:10:01.614+05:30 DEBUG 57430 --- [api-gateway] [reactor-http-nio-2] c.n.gateway.filter.AuthenticationFilter  : Authenticated user: admin497 (ID: 69657415cf0c416da3129aea) accessing: /api/users/696560337476113ea8e0cb87
2026-01-14T00:10:01.618+05:30 DEBUG 57430 --- [api-gateway] [reactor-http-nio-4] c.n.gateway.filter.AuthenticationFilter  : Authenticated user: admin497 (ID: 69657415cf0c416da3129aea) accessing: /api/users/6966652486326e6296619c0e
2026-01-14T00:10:01.675+05:30  INFO 57430 --- [api-gateway] [reactor-http-nio-2] c.n.gateway.filter.RequestLoggingFilter  : Request completed: [132190ef-a420-49eb-bc28-08cfb7bca252] GET /api/users/696560337476113ea8e0cb87 - Status: 200 OK - Duration: 69ms
2026-01-14T00:10:01.675+05:30  INFO 57430 --- [api-gateway] [reactor-http-nio-3] c.n.gateway.filter.RequestLoggingFilter  : Request completed: [0bd2d3b8-1d58-41eb-a5ab-d668e55be8d5] GET /api/users/69657415cf0c416da3129aea - Status: 200 OK - Duration: 71ms
2026-01-14T00:10:01.690+05:30  INFO 57430 --- [api-gateway] [reactor-http-nio-4] c.n.gateway.filter.RequestLoggingFilter  : Request completed: [1aeb5d79-e238-4d4e-acfd-5d783e3ab693] GET /api/users/6966652486326e6296619c0e - Status: 200 OK - Duration: 80ms
2026-01-14T00:10:29.902+05:30  INFO 57430 --- [api-gateway] [reactor-http-nio-5] c.n.gateway.filter.RequestLoggingFilter  : Incoming request: [0a7858ad-b2d6-4c3c-9ccf-64e7cf488a37] GET /api/events from 0:0:0:0:0:0:0:1
2026-01-14T00:10:29.903+05:30 DEBUG 57430 --- [api-gateway] [reactor-http-nio-5] c.n.gateway.filter.AuthenticationFilter  : AuthenticationFilter processing: GET /api/events
2026-01-14T00:10:29.928+05:30 DEBUG 57430 --- [api-gateway] [reactor-http-nio-5] c.n.gateway.filter.AuthenticationFilter  : Authenticated user: admin497 (ID: 69657415cf0c416da3129aea) accessing: /api/events
2026-01-14T00:10:30.841+05:30  INFO 57430 --- [api-gateway] [reactor-http-nio-5] c.n.gateway.filter.RequestLoggingFilter  : Request completed: [0a7858ad-b2d6-4c3c-9ccf-64e7cf488a37] GET /api/events - Status: 200 OK - Duration: 940ms
2026-01-14T00:10:31.045+05:30  INFO 57430 --- [api-gateway] [reactor-http-nio-2] c.n.gateway.filter.RequestLoggingFilter  : Incoming request: [6e8bf594-b54c-40da-8bd7-8c2a8ce5d2c1] GET /api/users/current-user-id from 0:0:0:0:0:0:0:1
2026-01-14T00:10:31.045+05:30  INFO 57430 --- [api-gateway] [reactor-http-nio-7] c.n.gateway.filter.RequestLoggingFilter  : Incoming request: [30bd07ca-27e3-48bd-8cfa-78acc2849a5a] GET /api/users/696560337476113ea8e0cb87 from 0:0:0:0:0:0:0:1
2026-01-14T00:10:31.045+05:30  INFO 57430 --- [api-gateway] [reactor-http-nio-1] c.n.gateway.filter.RequestLoggingFilter  : Incoming request: [bd1370d9-bf4e-4820-91dd-e61ff9aaf093] GET /api/users/6966652486326e6296619c0e from 0:0:0:0:0:0:0:1
2026-01-14T00:10:31.045+05:30 DEBUG 57430 --- [api-gateway] [reactor-http-nio-7] c.n.gateway.filter.AuthenticationFilter  : AuthenticationFilter processing: GET /api/users/696560337476113ea8e0cb87
2026-01-14T00:10:31.045+05:30 DEBUG 57430 --- [api-gateway] [reactor-http-nio-2] c.n.gateway.filter.AuthenticationFilter  : AuthenticationFilter processing: GET /api/users/current-user-id
2026-01-14T00:10:31.046+05:30  INFO 57430 --- [api-gateway] [reactor-http-nio-8] c.n.gateway.filter.RequestLoggingFilter  : Incoming request: [72d11e9d-680e-496d-b2cc-1a184d973815] GET /api/users/69657415cf0c416da3129aea from 0:0:0:0:0:0:0:1
2026-01-14T00:10:31.045+05:30 DEBUG 57430 --- [api-gateway] [reactor-http-nio-1] c.n.gateway.filter.AuthenticationFilter  : AuthenticationFilter processing: GET /api/users/6966652486326e6296619c0e
2026-01-14T00:10:31.047+05:30 DEBUG 57430 --- [api-gateway] [reactor-http-nio-8] c.n.gateway.filter.AuthenticationFilter  : AuthenticationFilter processing: GET /api/users/69657415cf0c416da3129aea
2026-01-14T00:10:31.050+05:30 DEBUG 57430 --- [api-gateway] [reactor-http-nio-2] c.n.gateway.filter.AuthenticationFilter  : Authenticated user: admin497 (ID: 69657415cf0c416da3129aea) accessing: /api/users/current-user-id
2026-01-14T00:10:31.050+05:30 DEBUG 57430 --- [api-gateway] [reactor-http-nio-8] c.n.gateway.filter.AuthenticationFilter  : Authenticated user: admin497 (ID: 69657415cf0c416da3129aea) accessing: /api/users/69657415cf0c416da3129aea
2026-01-14T00:10:31.051+05:30 DEBUG 57430 --- [api-gateway] [reactor-http-nio-7] c.n.gateway.filter.AuthenticationFilter  : Authenticated user: admin497 (ID: 69657415cf0c416da3129aea) accessing: /api/users/696560337476113ea8e0cb87
2026-01-14T00:10:31.051+05:30 DEBUG 57430 --- [api-gateway] [reactor-http-nio-1] c.n.gateway.filter.AuthenticationFilter  : Authenticated user: admin497 (ID: 69657415cf0c416da3129aea) accessing: /api/users/6966652486326e6296619c0e
2026-01-14T00:10:31.191+05:30  INFO 57430 --- [api-gateway] [reactor-http-nio-7] c.n.gateway.filter.RequestLoggingFilter  : Request completed: [30bd07ca-27e3-48bd-8cfa-78acc2849a5a] GET /api/users/696560337476113ea8e0cb87 - Status: 200 OK - Duration: 146ms
2026-01-14T00:10:31.201+05:30  INFO 57430 --- [api-gateway] [reactor-http-nio-8] c.n.gateway.filter.RequestLoggingFilter  : Request completed: [72d11e9d-680e-496d-b2cc-1a184d973815] GET /api/users/69657415cf0c416da3129aea - Status: 200 OK - Duration: 155ms
2026-01-14T00:10:31.230+05:30  INFO 57430 --- [api-gateway] [reactor-http-nio-1] c.n.gateway.filter.RequestLoggingFilter  : Request completed: [bd1370d9-bf4e-4820-91dd-e61ff9aaf093] GET /api/users/6966652486326e6296619c0e - Status: 200 OK - Duration: 185ms
2026-01-14T00:10:31.239+05:30  INFO 57430 --- [api-gateway] [reactor-http-nio-2] c.n.gateway.filter.RequestLoggingFilter  : Request completed: [6e8bf594-b54c-40da-8bd7-8c2a8ce5d2c1] GET /api/users/current-user-id - Status: 404 NOT_FOUND - Duration: 192ms
2026-01-14T00:10:35.124+05:30  INFO 57430 --- [api-gateway] [reactor-http-nio-4] c.n.gateway.filter.RequestLoggingFilter  : Incoming request: [197e0f26-8345-4378-a63a-71b795087c54] GET /api/posts from 0:0:0:0:0:0:0:1
2026-01-14T00:10:35.125+05:30 DEBUG 57430 --- [api-gateway] [reactor-http-nio-4] c.n.gateway.filter.AuthenticationFilter  : AuthenticationFilter processing: GET /api/posts
2026-01-14T00:10:35.132+05:30 DEBUG 57430 --- [api-gateway] [reactor-http-nio-4] c.n.gateway.filter.AuthenticationFilter  : Authenticated user: admin497 (ID: 69657415cf0c416da3129aea) accessing: /api/posts
2026-01-14T00:10:35.301+05:30  INFO 57430 --- [api-gateway] [reactor-http-nio-4] c.n.gateway.filter.RequestLoggingFilter  : Request completed: [197e0f26-8345-4378-a63a-71b795087c54] GET /api/posts - Status: 200 OK - Duration: 178ms
2026-01-14T00:10:45.151+05:30  INFO 57430 --- [api-gateway] [reactor-http-nio-6] c.n.gateway.filter.RequestLoggingFilter  : Incoming request: [acbf81b4-a206-4247-89bb-1cc673ccb9b6] GET /api/events/user/69657415cf0c416da3129aea from 0:0:0:0:0:0:0:1
2026-01-14T00:10:45.106+05:30  INFO 57430 --- [api-gateway] [reactor-http-nio-5] c.n.gateway.filter.RequestLoggingFilter  : Incoming request: [9e9538a8-df6a-4821-8784-a8ca9c0a5f4d] GET /api/activities/user/69657415cf0c416da3129aea from 0:0:0:0:0:0:0:1
2026-01-14T00:10:45.160+05:30 DEBUG 57430 --- [api-gateway] [reactor-http-nio-5] c.n.gateway.filter.AuthenticationFilter  : AuthenticationFilter processing: GET /api/activities/user/69657415cf0c416da3129aea
2026-01-14T00:10:45.161+05:30 DEBUG 57430 --- [api-gateway] [reactor-http-nio-6] c.n.gateway.filter.AuthenticationFilter  : AuthenticationFilter processing: GET /api/events/user/69657415cf0c416da3129aea
2026-01-14T00:10:45.176+05:30 DEBUG 57430 --- [api-gateway] [reactor-http-nio-5] c.n.gateway.filter.AuthenticationFilter  : Authenticated user: admin497 (ID: 69657415cf0c416da3129aea) accessing: /api/activities/user/69657415cf0c416da3129aea
2026-01-14T00:10:45.178+05:30 DEBUG 57430 --- [api-gateway] [reactor-http-nio-6] c.n.gateway.filter.AuthenticationFilter  : Authenticated user: admin497 (ID: 69657415cf0c416da3129aea) accessing: /api/events/user/69657415cf0c416da3129aea
2026-01-14T00:10:45.305+05:30  INFO 57430 --- [api-gateway] [reactor-http-nio-6] c.n.gateway.filter.RequestLoggingFilter  : Request completed: [acbf81b4-a206-4247-89bb-1cc673ccb9b6] GET /api/events/user/69657415cf0c416da3129aea - Status: 200 OK - Duration: 169ms
2026-01-14T00:10:45.318+05:30  INFO 57430 --- [api-gateway] [reactor-http-nio-5] c.n.gateway.filter.RequestLoggingFilter  : Request completed: [9e9538a8-df6a-4821-8784-a8ca9c0a5f4d] GET /api/activities/user/69657415cf0c416da3129aea - Status: 200 OK - Duration: 271ms
2026-01-14T00:11:00.922+05:30  INFO 57430 --- [api-gateway] [reactor-http-nio-7] c.n.gateway.filter.RequestLoggingFilter  : Incoming request: [3fe6366c-c749-4485-89e1-8a153543bf5a] GET /api/news from 0:0:0:0:0:0:0:1
2026-01-14T00:11:00.923+05:30 DEBUG 57430 --- [api-gateway] [reactor-http-nio-7] c.n.gateway.filter.AuthenticationFilter  : AuthenticationFilter processing: GET /api/news
2026-01-14T00:11:00.928+05:30 DEBUG 57430 --- [api-gateway] [reactor-http-nio-7] c.n.gateway.filter.AuthenticationFilter  : Authenticated user: admin497 (ID: 69657415cf0c416da3129aea) accessing: /api/news
2026-01-14T00:11:01.609+05:30  INFO 57430 --- [api-gateway] [reactor-http-nio-7] c.n.gateway.filter.RequestLoggingFilter  : Request completed: [3fe6366c-c749-4485-89e1-8a153543bf5a] GET /api/news - Status: 200 OK - Duration: 687ms
2026-01-14T00:11:32.498+05:30  INFO 57430 --- [api-gateway] [reactor-http-nio-1] c.n.gateway.filter.RequestLoggingFilter  : Incoming request: [193827b2-156e-45a9-99cf-e87e97466b30] GET /api/notifications/69657415cf0c416da3129aea from 0:0:0:0:0:0:0:1
2026-01-14T00:11:32.502+05:30 DEBUG 57430 --- [api-gateway] [reactor-http-nio-1] c.n.gateway.filter.AuthenticationFilter  : AuthenticationFilter processing: GET /api/notifications/69657415cf0c416da3129aea
2026-01-14T00:11:32.507+05:30 DEBUG 57430 --- [api-gateway] [reactor-http-nio-1] c.n.gateway.filter.AuthenticationFilter  : Authenticated user: admin497 (ID: 69657415cf0c416da3129aea) accessing: /api/notifications/69657415cf0c416da3129aea
2026-01-14T00:11:33.041+05:30  INFO 57430 --- [api-gateway] [reactor-http-nio-1] c.n.gateway.filter.RequestLoggingFilter  : Request completed: [193827b2-156e-45a9-99cf-e87e97466b30] GET /api/notifications/69657415cf0c416da3129aea - Status: 200 OK - Duration: 544ms
2026-01-14T00:11:33.075+05:30  INFO 57430 --- [api-gateway] [reactor-http-nio-4] c.n.gateway.filter.RequestLoggingFilter  : Incoming request: [b21c685f-8f13-4c47-92e7-b2165065dbb4] GET /api/users/69665b0f521eba0c09178fca from 0:0:0:0:0:0:0:1
2026-01-14T00:11:33.076+05:30  INFO 57430 --- [api-gateway] [reactor-http-nio-5] c.n.gateway.filter.RequestLoggingFilter  : Incoming request: [960231ee-40e4-4b55-a451-36eaf50e0db8] GET /api/users/6965d004c0ebe1119021619d from 0:0:0:0:0:0:0:1
2026-01-14T00:11:33.117+05:30  INFO 57430 --- [api-gateway] [reactor-http-nio-7] c.n.gateway.filter.RequestLoggingFilter  : Incoming request: [e37a2840-55c0-4ce8-89d0-76382a25cf3a] GET /api/users/696560337476113ea8e0cb87 from 0:0:0:0:0:0:0:1
2026-01-14T00:11:33.076+05:30 DEBUG 57430 --- [api-gateway] [reactor-http-nio-5] c.n.gateway.filter.AuthenticationFilter  : AuthenticationFilter processing: GET /api/users/6965d004c0ebe1119021619d
2026-01-14T00:11:33.075+05:30 DEBUG 57430 --- [api-gateway] [reactor-http-nio-4] c.n.gateway.filter.AuthenticationFilter  : AuthenticationFilter processing: GET /api/users/69665b0f521eba0c09178fca
2026-01-14T00:11:33.146+05:30  INFO 57430 --- [api-gateway] [reactor-http-nio-3] c.n.gateway.filter.RequestLoggingFilter  : Incoming request: [9b8c5e04-fc6e-4f18-b9c1-0c2789ece9e1] GET /api/users/69665e71521eba0c09178fcb from 0:0:0:0:0:0:0:1
2026-01-14T00:11:33.175+05:30 DEBUG 57430 --- [api-gateway] [reactor-http-nio-3] c.n.gateway.filter.AuthenticationFilter  : AuthenticationFilter processing: GET /api/users/69665e71521eba0c09178fcb
2026-01-14T00:11:33.122+05:30 DEBUG 57430 --- [api-gateway] [reactor-http-nio-7] c.n.gateway.filter.AuthenticationFilter  : AuthenticationFilter processing: GET /api/users/696560337476113ea8e0cb87
2026-01-14T00:11:33.148+05:30  INFO 57430 --- [api-gateway] [reactor-http-nio-6] c.n.gateway.filter.RequestLoggingFilter  : Incoming request: [4f4cdd6f-f875-4a43-b505-51919539c4cf] GET /api/users/6965cdeec0ebe1119021619c from 0:0:0:0:0:0:0:1
2026-01-14T00:11:33.196+05:30 DEBUG 57430 --- [api-gateway] [reactor-http-nio-6] c.n.gateway.filter.AuthenticationFilter  : AuthenticationFilter processing: GET /api/users/6965cdeec0ebe1119021619c
2026-01-14T00:11:33.200+05:30 DEBUG 57430 --- [api-gateway] [reactor-http-nio-4] c.n.gateway.filter.AuthenticationFilter  : Authenticated user: admin497 (ID: 69657415cf0c416da3129aea) accessing: /api/users/69665b0f521eba0c09178fca
2026-01-14T00:11:33.208+05:30 DEBUG 57430 --- [api-gateway] [reactor-http-nio-3] c.n.gateway.filter.AuthenticationFilter  : Authenticated user: admin497 (ID: 69657415cf0c416da3129aea) accessing: /api/users/69665e71521eba0c09178fcb
2026-01-14T00:11:33.202+05:30 DEBUG 57430 --- [api-gateway] [reactor-http-nio-5] c.n.gateway.filter.AuthenticationFilter  : Authenticated user: admin497 (ID: 69657415cf0c416da3129aea) accessing: /api/users/6965d004c0ebe1119021619d
2026-01-14T00:11:33.208+05:30 DEBUG 57430 --- [api-gateway] [reactor-http-nio-7] c.n.gateway.filter.AuthenticationFilter  : Authenticated user: admin497 (ID: 69657415cf0c416da3129aea) accessing: /api/users/696560337476113ea8e0cb87
2026-01-14T00:11:33.224+05:30 DEBUG 57430 --- [api-gateway] [reactor-http-nio-6] c.n.gateway.filter.AuthenticationFilter  : Authenticated user: admin497 (ID: 69657415cf0c416da3129aea) accessing: /api/users/6965cdeec0ebe1119021619c
2026-01-14T00:11:33.650+05:30  INFO 57430 --- [api-gateway] [reactor-http-nio-5] c.n.gateway.filter.RequestLoggingFilter  : Request completed: [960231ee-40e4-4b55-a451-36eaf50e0db8] GET /api/users/6965d004c0ebe1119021619d - Status: 404 NOT_FOUND - Duration: 574ms
2026-01-14T00:11:33.650+05:30  INFO 57430 --- [api-gateway] [reactor-http-nio-3] c.n.gateway.filter.RequestLoggingFilter  : Request completed: [9b8c5e04-fc6e-4f18-b9c1-0c2789ece9e1] GET /api/users/69665e71521eba0c09178fcb - Status: 404 NOT_FOUND - Duration: 505ms
2026-01-14T00:11:33.650+05:30  INFO 57430 --- [api-gateway] [reactor-http-nio-6] c.n.gateway.filter.RequestLoggingFilter  : Request completed: [4f4cdd6f-f875-4a43-b505-51919539c4cf] GET /api/users/6965cdeec0ebe1119021619c - Status: 404 NOT_FOUND - Duration: 503ms
2026-01-14T00:11:33.654+05:30  INFO 57430 --- [api-gateway] [reactor-http-nio-7] c.n.gateway.filter.RequestLoggingFilter  : Request completed: [e37a2840-55c0-4ce8-89d0-76382a25cf3a] GET /api/users/696560337476113ea8e0cb87 - Status: 200 OK - Duration: 539ms
2026-01-14T00:11:33.705+05:30  INFO 57430 --- [api-gateway] [reactor-http-nio-4] c.n.gateway.filter.RequestLoggingFilter  : Request completed: [b21c685f-8f13-4c47-92e7-b2165065dbb4] GET /api/users/69665b0f521eba0c09178fca - Status: 404 NOT_FOUND - Duration: 630ms
2026-01-14T00:12:03.088+05:30  INFO 57430 --- [api-gateway] [reactor-http-nio-5] c.n.gateway.filter.RequestLoggingFilter  : Incoming request: [ba9c1ed1-2a84-4f95-8011-153f117d0fab] GET /api/notifications/69657415cf0c416da3129aea from 0:0:0:0:0:0:0:1
2026-01-14T00:12:03.089+05:30 DEBUG 57430 --- [api-gateway] [reactor-http-nio-5] c.n.gateway.filter.AuthenticationFilter  : AuthenticationFilter processing: GET /api/notifications/69657415cf0c416da3129aea
2026-01-14T00:12:03.100+05:30 DEBUG 57430 --- [api-gateway] [reactor-http-nio-5] c.n.gateway.filter.AuthenticationFilter  : Authenticated user: admin497 (ID: 69657415cf0c416da3129aea) accessing: /api/notifications/69657415cf0c416da3129aea
2026-01-14T00:12:03.427+05:30  INFO 57430 --- [api-gateway] [reactor-http-nio-5] c.n.gateway.filter.RequestLoggingFilter  : Request completed: [ba9c1ed1-2a84-4f95-8011-153f117d0fab] GET /api/notifications/69657415cf0c416da3129aea - Status: 200 OK - Duration: 339ms
2026-01-14T00:12:33.459+05:30  INFO 57430 --- [api-gateway] [reactor-http-nio-6] c.n.gateway.filter.RequestLoggingFilter  : Incoming request: [31c11bc8-3df5-4535-8cbb-24d469759d44] GET /api/notifications/69657415cf0c416da3129aea from 0:0:0:0:0:0:0:1
2026-01-14T00:12:33.461+05:30 DEBUG 57430 --- [api-gateway] [reactor-http-nio-6] c.n.gateway.filter.AuthenticationFilter  : AuthenticationFilter processing: GET /api/notifications/69657415cf0c416da3129aea
2026-01-14T00:12:33.471+05:30 DEBUG 57430 --- [api-gateway] [reactor-http-nio-6] c.n.gateway.filter.AuthenticationFilter  : Authenticated user: admin497 (ID: 69657415cf0c416da3129aea) accessing: /api/notifications/69657415cf0c416da3129aea
2026-01-14T00:12:33.701+05:30  INFO 57430 --- [api-gateway] [reactor-http-nio-6] c.n.gateway.filter.RequestLoggingFilter  : Request completed: [31c11bc8-3df5-4535-8cbb-24d469759d44] GET /api/notifications/69657415cf0c416da3129aea - Status: 200 OK - Duration: 243ms
2026-01-14T00:13:03.749+05:30  INFO 57430 --- [api-gateway] [reactor-http-nio-7] c.n.gateway.filter.RequestLoggingFilter  : Incoming request: [1bb90e6a-2599-42b2-8887-ff262c470000] GET /api/notifications/69657415cf0c416da3129aea from 0:0:0:0:0:0:0:1
2026-01-14T00:13:03.750+05:30 DEBUG 57430 --- [api-gateway] [reactor-http-nio-7] c.n.gateway.filter.AuthenticationFilter  : AuthenticationFilter processing: GET /api/notifications/69657415cf0c416da3129aea
2026-01-14T00:13:03.754+05:30 DEBUG 57430 --- [api-gateway] [reactor-http-nio-7] c.n.gateway.filter.AuthenticationFilter  : Authenticated user: admin497 (ID: 69657415cf0c416da3129aea) accessing: /api/notifications/69657415cf0c416da3129aea
2026-01-14T00:13:03.851+05:30  INFO 57430 --- [api-gateway] [reactor-http-nio-7] c.n.gateway.filter.RequestLoggingFilter  : Request completed: [1bb90e6a-2599-42b2-8887-ff262c470000] GET /api/notifications/69657415cf0c416da3129aea - Status: 200 OK - Duration: 103ms
2026-01-14T00:14:26.019+05:30  INFO 57430 --- [api-gateway] [AsyncResolver-bootstrap-executor-0] c.n.d.s.r.aws.ConfigClusterResolver      : Resolving eureka endpoints via configuration
2026-01-14T00:19:26.028+05:30  INFO 57430 --- [api-gateway] [AsyncResolver-bootstrap-executor-0] c.n.d.s.r.aws.ConfigClusterResolver      : Resolving eureka endpoints via configuration
2026-01-14T00:24:26.044+05:30  INFO 57430 --- [api-gateway] [AsyncResolver-bootstrap-executor-0] c.n.d.s.r.aws.ConfigClusterResolver      : Resolving eureka endpoints via configuration
